#
# A fatal error has been detected by the Java Runtime Environment:
#
#  EXCEPTION_ACCESS_VIOLATION (0xc0000005) at pc=0x00000000587aa016, pid=13732, tid=584
#
# JRE version: Java(TM) SE Runtime Environment (10.0.1+10) (build 10.0.1+10)
# Java VM: Java HotSpot(TM) 64-Bit Server VM (10.0.1+10, mixed mode, tiered, compressed oops, g1 gc, windows-amd64)
# Problematic frame:
# V  [jvm.dll+0x2ba016]
#
# No core dump will be written. Minidumps are not enabled by default on client versions of Windows
#
# If you would like to submit a bug report, please visit:
#   http://bugreport.java.com/bugreport/crash.jsp
#

---------------  S U M M A R Y ------------

Command Line: -javaagent:C:\Program Files\JetBrains\IntelliJ IDEA Community Edition 2018.1.5\lib\idea_rt.jar=57057:C:\Program Files\JetBrains\IntelliJ IDEA Community Edition 2018.1.5\bin -Dfile.encoding=UTF-8 net.runelite.client.RuneLite

Host: Intel(R) Core(TM) i7-8700K CPU @ 3.70GHz, 12 cores, 15G,  Windows 10 , 64 bit Build 17134 (10.0.17134.1)
Time: Sun Jun 17 21:23:48 2018 Eastern Daylight Time elapsed time: 4306 seconds (0d 1h 11m 46s)

---------------  T H R E A D  ---------------

Current thread (0x000001c776616800):  JavaThread "Thread-2" daemon [_thread_in_vm, id=584, stack(0x000000ab0db00000,0x000000ab0dc00000)]

Stack: [0x000000ab0db00000,0x000000ab0dc00000],  sp=0x000000ab0dbfcba0,  free space=1010k
Native frames: (J=compiled Java code, j=interpreted, Vv=VM code, C=native code)
V  [jvm.dll+0x2ba016]
V  [jvm.dll+0x2b9f40]
V  [jvm.dll+0x3727d8]
V  [jvm.dll+0x372353]
V  [jvm.dll+0x3e0072]
C  [java.dll+0x8e2a]

Java frames: (J=compiled Java code, j=interpreted, Vv=VM code)
J 3108  java.lang.Throwable.fillInStackTrace(I)Ljava/lang/Throwable; java.base@10.0.1 (0 bytes) @ 0x000001c75f6d3e7b [0x000001c75f6d3e40+0x000000000000003b]
J 3107 c1 java.lang.Throwable.fillInStackTrace()Ljava/lang/Throwable; java.base@10.0.1 (29 bytes) @ 0x000001c75864ec2c [0x000001c75864ea60+0x00000000000001cc]
J 3370 c1 java.lang.RuntimeException.<init>()V java.base@10.0.1 (5 bytes) @ 0x000001c7586cd454 [0x000001c7586cd200+0x0000000000000254]
j  java.lang.IllegalMonitorStateException.<init>()V+1 java.base@10.0.1
v  ~StubRoutines::call_stub
j  hi.i(Lgk;I)V+270
J 14921 c2 ja.l(IB)Z (313 bytes) @ 0x000001c75fc87428 [0x000001c75fc87180+0x00000000000002a8]
J 7683 c2 af.w(IB)Lhi; (114 bytes) @ 0x000001c75f9632ac [0x000001c75f9631c0+0x00000000000000ec]
J 13587 c2 dm.an(III)J (157 bytes) @ 0x000001c75fce0074 [0x000001c75fcdfe40+0x0000000000000234]

[error occurred during error reporting (printing Java stack), id 0xc0000005]


siginfo: EXCEPTION_ACCESS_VIOLATION (0xc0000005), reading address 0x0000000000000000


Register to memory mapping:

RIP=0x00000000587aa016 jvm.dll
RAX=0x0000000000000000 is an unknown value
RBX=0x000000ab0dbfcd10 is pointing into the stack for thread: 0x000001c776616800
RCX=0x0000000000000000 is an unknown value
RDX=0x0000000000000003 is an unknown value
RSP=0x000000ab0dbfcba0 is pointing into the stack for thread: 0x000001c776616800
RBP=0x000000145fa00f3c is an unknown value
RSI=0x000000ab0dbfeb10 is pointing into the stack for thread: 0x000001c776616800
RDI=0x000000ab0dbfcd40 is pointing into the stack for thread: 0x000001c776616800
R8 =0x000000145fa00f3c is an unknown value
R9 =0x0000000000000003 is an unknown value
R10=0x000001c74ad27a50 is an unknown value
R11=0x000000000000000c is an unknown value
R12=0x0000000000000003 is an unknown value
R13=0x000001c776616800 is a thread
R14=0x0000000000000000 is an unknown value
R15=0x0000000000000000 is an unknown value


Registers:
RAX=0x0000000000000000, RBX=0x000000ab0dbfcd10, RCX=0x0000000000000000, RDX=0x0000000000000003
RSP=0x000000ab0dbfcba0, RBP=0x000000145fa00f3c, RSI=0x000000ab0dbfeb10, RDI=0x000000ab0dbfcd40
R8 =0x000000145fa00f3c, R9 =0x0000000000000003, R10=0x000001c74ad27a50, R11=0x000000000000000c
R12=0x0000000000000003, R13=0x000001c776616800, R14=0x0000000000000000, R15=0x0000000000000000
RIP=0x00000000587aa016, EFLAGS=0x0000000000010246

Top of Stack: (sp=0x000000ab0dbfcba0)
0x000000ab0dbfcba0:   000000ab0dbfcd10 0000000058662401
0x000000ab0dbfcbb0:   000001c77f852be8 00000000588655e0
0x000000ab0dbfcbc0:   0000000000000000 00000000587a9f40
0x000000ab0dbfcbd0:   000000ab0dbfcd10 000000ab0dbfcd00
0x000000ab0dbfcbe0:   000001c75f963010 000001c75fce0074
0x000000ab0dbfcbf0:   000001c75fcdfc90 00000000588627d8
0x000000ab0dbfcc00:   000001c75f963010 000000ab0dbfcd00
0x000000ab0dbfcc10:   000001c77f852be8 000001c75f963438
0x000000ab0dbfcc20:   0300004500010101 000001c75f963010
0x000000ab0dbfcc30:   000000ab00000400 000001c771047588
0x000000ab0dbfcc40:   000001c7710471b0 000001c777577540
0x000000ab0dbfcc50:   000000ab0dbfead0 000001c75fce0074
0x000000ab0dbfcc60:   000001c75fcdfc90 af956adb00000000
0x000000ab0dbfcc70:   0000000000000000 000000ab0dbfead0
0x000000ab0dbfcc80:   000001c7710471a0 00000000000003d8
0x000000ab0dbfcc90:   000001c7775bbb30 00000006ce535ff0 

Instructions: (pc=0x00000000587aa016)
0x00000000587a9ff6:   cb 48 89 43 10 e8 d0 06 e0 ff 48 85 c0 74 0d 48
0x00000000587aa006:   89 43 08 c7 43 18 01 00 00 00 eb 14 48 8b 4b 10
0x00000000587aa016:   48 8b 01 ff 50 20 33 c9 84 c0 0f 95 c1 89 4b 18
0x00000000587aa026:   48 8b 6c 24 38 48 8b 74 24 40 48 8b 7c 24 48 48 



---------------  P R O C E S S  ---------------

Threads class SMR info:
_java_thread_list=0x000001c7746a2a60, length=35, elements={
0x000001c774583000, 0x000001c77458d800, 0x000001c7745d5800, 0x000001c7745d6000,
0x000001c7745d7000, 0x000001c7745db800, 0x000001c7745de800, 0x000001c7745e0000,
0x000001c7745ed000, 0x000001c774aaa800, 0x000001c774b03000, 0x000001c774aa7800,
0x000001c775c63000, 0x000001c775b06000, 0x000001c7760b3800, 0x000001c775d6e800,
0x000001c776806800, 0x000001c77680a000, 0x000001c77661a800, 0x000001c776616800,
0x000001c77661b000, 0x000001c77661d800, 0x000001c77661c000, 0x000001c776618000,
0x000001c776619000, 0x000001c77800f000, 0x000001c778014000, 0x000001c778015800,
0x000001c778017800, 0x000001c778010800, 0x000001c778018800, 0x000001c778011800,
0x000001c778013000, 0x000001c77661d000, 0x000001c776619800
}

Java Threads: ( => current thread )
  0x000001c774583000 JavaThread "Reference Handler" daemon [_thread_blocked, id=10844, stack(0x000000ab0c000000,0x000000ab0c100000)]
  0x000001c77458d800 JavaThread "Finalizer" daemon [_thread_blocked, id=7720, stack(0x000000ab0c100000,0x000000ab0c200000)]
  0x000001c7745d5800 JavaThread "Signal Dispatcher" daemon [_thread_blocked, id=6156, stack(0x000000ab0c200000,0x000000ab0c300000)]
  0x000001c7745d6000 JavaThread "Attach Listener" daemon [_thread_blocked, id=9672, stack(0x000000ab0c300000,0x000000ab0c400000)]
  0x000001c7745d7000 JavaThread "C2 CompilerThread0" daemon [_thread_blocked, id=15288, stack(0x000000ab0c400000,0x000000ab0c500000)]
  0x000001c7745db800 JavaThread "C2 CompilerThread1" daemon [_thread_blocked, id=1084, stack(0x000000ab0c500000,0x000000ab0c600000)]
  0x000001c7745de800 JavaThread "C2 CompilerThread2" daemon [_thread_blocked, id=10488, stack(0x000000ab0c600000,0x000000ab0c700000)]
  0x000001c7745e0000 JavaThread "C1 CompilerThread3" daemon [_thread_blocked, id=10220, stack(0x000000ab0c700000,0x000000ab0c800000)]
  0x000001c7745ed000 JavaThread "Sweeper thread" daemon [_thread_blocked, id=10280, stack(0x000000ab0c800000,0x000000ab0c900000)]
  0x000001c774aaa800 JavaThread "Common-Cleaner" daemon [_thread_blocked, id=12504, stack(0x000000ab0c900000,0x000000ab0ca00000)]
  0x000001c774b03000 JavaThread "Monitor Ctrl-Break" daemon [_thread_in_native, id=14664, stack(0x000000ab0ca00000,0x000000ab0cb00000)]
  0x000001c774aa7800 JavaThread "Service Thread" daemon [_thread_blocked, id=11072, stack(0x000000ab0cb00000,0x000000ab0cc00000)]
  0x000001c775c63000 JavaThread "Java2D Disposer" daemon [_thread_blocked, id=1432, stack(0x000000ab0cd00000,0x000000ab0ce00000)]
  0x000001c775b06000 JavaThread "OkHttp api.runelite.net" [_thread_in_native, id=9176, stack(0x000000ab0cf00000,0x000000ab0d000000)]
  0x000001c7760b3800 JavaThread "OkHttp ConnectionPool" daemon [_thread_blocked, id=3984, stack(0x000000ab0d000000,0x000000ab0d100000)]
  0x000001c775d6e800 JavaThread "AWT-Shutdown" [_thread_blocked, id=12424, stack(0x000000ab0d400000,0x000000ab0d500000)]
  0x000001c776806800 JavaThread "AWT-Windows" daemon [_thread_in_native, id=11228, stack(0x000000ab0d500000,0x000000ab0d600000)]
  0x000001c77680a000 JavaThread "AWT-EventQueue-0" [_thread_blocked, id=12880, stack(0x000000ab0d600000,0x000000ab0d700000)]
  0x000001c77661a800 JavaThread "Thread-1" daemon [_thread_blocked, id=9660, stack(0x000000ab0da00000,0x000000ab0db00000)]
=>0x000001c776616800 JavaThread "Thread-2" daemon [_thread_in_vm, id=584, stack(0x000000ab0db00000,0x000000ab0dc00000)]
  0x000001c77661b000 JavaThread "Thread-3" daemon [_thread_blocked, id=10360, stack(0x000000ab0dc00000,0x000000ab0dd00000)]
  0x000001c77661d800 JavaThread "pool-2-thread-1" [_thread_blocked, id=11804, stack(0x000000ab0de00000,0x000000ab0df00000)]
  0x000001c77661c000 JavaThread "Thread-5" daemon [_thread_blocked, id=13512, stack(0x000000ab0e000000,0x000000ab0e100000)]
  0x000001c776618000 JavaThread "TimerQueue" daemon [_thread_blocked, id=2404, stack(0x000000ab0e200000,0x000000ab0e300000)]
  0x000001c776619000 JavaThread "Java Sound Event Dispatcher" daemon [_thread_blocked, id=4608, stack(0x000000ab0e500000,0x000000ab0e600000)]
  0x000001c77800f000 JavaThread "pool-3-thread-1" [_thread_blocked, id=13368, stack(0x000000ab0e900000,0x000000ab0ea00000)]
  0x000001c778014000 JavaThread "Thread-7" daemon [_thread_blocked, id=3700, stack(0x000000ab0f100000,0x000000ab0f200000)]
  0x000001c778015800 JavaThread "Substance heap status" daemon [_thread_blocked, id=13692, stack(0x000000ab0f400000,0x000000ab0f500000)]
  0x000001c778017800 JavaThread "Trident callback thread" daemon [_thread_blocked, id=10344, stack(0x000000ab0f600000,0x000000ab0f700000)]
  0x000001c778010800 JavaThread "Trident pulse source thread" daemon [_thread_blocked, id=6864, stack(0x000000ab0f700000,0x000000ab0f800000)]
  0x000001c778018800 JavaThread "DestroyJavaVM" [_thread_blocked, id=12048, stack(0x000000ab0a500000,0x000000ab0a600000)]
  0x000001c778011800 JavaThread "D3D Screen Updater" daemon [_thread_blocked, id=3940, stack(0x000000ab0f800000,0x000000ab0f900000)]
  0x000001c778013000 JavaThread "OkHttp pbs.twimg.com" [_thread_in_native, id=8148, stack(0x000000ab0e700000,0x000000ab0e800000)]
  0x000001c77661d000 JavaThread "Thread-67" daemon [_thread_in_native, id=6800, stack(0x000000ab0a300000,0x000000ab0a400000)]
  0x000001c776619800 JavaThread "Thread-68" daemon [_thread_blocked, id=3372, stack(0x000000ab0a400000,0x000000ab0a500000)]

Other Threads:
  0x000001c7710c6800 VMThread "VM Thread" [stack: 0x000000ab0bf00000,0x000000ab0c000000] [id=4212]
  0x000001c774e1c800 WatcherThread [stack: 0x000000ab0cc00000,0x000000ab0cd00000] [id=6064]
  0x000001c74af1e800 GCTaskThread "GC Thread#0" [stack: 0x000000ab0a600000,0x000000ab0a700000] [id=11388]
  0x000001c74af20000 GCTaskThread "GC Thread#1" [stack: 0x000000ab0a700000,0x000000ab0a800000] [id=6320]
  0x000001c74af21800 GCTaskThread "GC Thread#2" [stack: 0x000000ab0a800000,0x000000ab0a900000] [id=8692]
  0x000001c74af24000 GCTaskThread "GC Thread#3" [stack: 0x000000ab0a900000,0x000000ab0aa00000] [id=10544]
  0x000001c74af25800 GCTaskThread "GC Thread#4" [stack: 0x000000ab0aa00000,0x000000ab0ab00000] [id=6220]
  0x000001c74af32000 GCTaskThread "GC Thread#5" [stack: 0x000000ab0ab00000,0x000000ab0ac00000] [id=9788]
  0x000001c74af33000 GCTaskThread "GC Thread#6" [stack: 0x000000ab0ac00000,0x000000ab0ad00000] [id=11880]
  0x000001c74af34800 GCTaskThread "GC Thread#7" [stack: 0x000000ab0ad00000,0x000000ab0ae00000] [id=12256]
  0x000001c74af2d800 GCTaskThread "GC Thread#8" [stack: 0x000000ab0ae00000,0x000000ab0af00000] [id=10000]
  0x000001c74af2c000 GCTaskThread "GC Thread#9" [stack: 0x000000ab0af00000,0x000000ab0b000000] [id=11280]
  0x000001c74af98000 ConcurrentGCThread "G1 Main Marker" [stack: 0x000000ab0b000000,0x000000ab0b100000] [id=13708]
  0x000001c74af2d000 ConcurrentGCThread "G1 Conc#0" [stack: 0x000000ab0b100000,0x000000ab0b200000] [id=6932]
  0x000001c74af2a800 ConcurrentGCThread "G1 Conc#1" [stack: 0x000000ab0b200000,0x000000ab0b300000] [id=2572]
  0x000001c74af2b000 ConcurrentGCThread "G1 Conc#2" [stack: 0x000000ab0b300000,0x000000ab0b400000] [id=11900]
  0x000001c77102e800 ConcurrentGCThread "G1 Refine#0" [stack: 0x000000ab0b400000,0x000000ab0b500000] [id=10040]
  0x000001c77102f800 ConcurrentGCThread "G1 Refine#1" [stack: 0x000000ab0b500000,0x000000ab0b600000] [id=14444]
  0x000001c771030000 ConcurrentGCThread "G1 Refine#2" [stack: 0x000000ab0b600000,0x000000ab0b700000] [id=12440]
  0x000001c771033000 ConcurrentGCThread "G1 Refine#3" [stack: 0x000000ab0b700000,0x000000ab0b800000] [id=7456]
  0x000001c771033800 ConcurrentGCThread "G1 Refine#4" [stack: 0x000000ab0b800000,0x000000ab0b900000] [id=13020]
  0x000001c771034000 ConcurrentGCThread "G1 Refine#5" [stack: 0x000000ab0b900000,0x000000ab0ba00000] [id=9504]
  0x000001c771037000 ConcurrentGCThread "G1 Refine#6" [stack: 0x000000ab0ba00000,0x000000ab0bb00000] [id=10908]
  0x000001c771037800 ConcurrentGCThread "G1 Refine#7" [stack: 0x000000ab0bb00000,0x000000ab0bc00000] [id=8780]
  0x000001c77103a800 ConcurrentGCThread "G1 Refine#8" [stack: 0x000000ab0bc00000,0x000000ab0bd00000] [id=4236]
  0x000001c77103b000 ConcurrentGCThread "G1 Refine#9" [stack: 0x000000ab0bd00000,0x000000ab0be00000] [id=7980]
  0x000001c771043800 ConcurrentGCThread "G1 Young RemSet Sampling" [stack: 0x000000ab0be00000,0x000000ab0bf00000] [id=9124]

Threads with active compile tasks:

VM state:not at safepoint (normal execution)

VM Mutex/Monitor currently owned by a thread: None

Heap address: 0x00000006c0800000, size: 4088 MB, Compressed Oops mode: Zero based, Oop shift amount: 3
Narrow klass base: 0x0000000000000000, Narrow klass shift: 3
Compressed class space size: 1073741824 Address: 0x00000007c0000000

Heap:
 garbage-first heap   total 396288K, used 308054K [0x00000006c0800000, 0x00000007c0000000)
  region size 1024K, 170 young (174080K), 5 survivors (5120K)
 Metaspace       used 64675K, capacity 65938K, committed 66768K, reserved 1110016K
  class space    used 6082K, capacity 6579K, committed 6864K, reserved 1048576K
Heap Regions: E=young(eden), S=young(survivor), O=old, HS=humongous(starts), HC=humongous(continues), CS=collection set, F=free, A=archive, TS=gc time stamp, AC=allocation context, TAMS=top-at-mark-start (previous, next)
|   0|0x00000006c0800000, 0x00000006c0900000, 0x00000006c0900000|100%| O|  |TS  0|AC  0|TAMS 0x00000006c0900000, 0x00000006c0900000|
|   1|0x00000006c0900000, 0x00000006c0a00000, 0x00000006c0a00000|100%| O|  |TS  0|AC  0|TAMS 0x00000006c0a00000, 0x00000006c0a00000|
|   2|0x00000006c0a00000, 0x00000006c0b00000, 0x00000006c0b00000|100%| O|  |TS  0|AC  0|TAMS 0x00000006c0b00000, 0x00000006c0b00000|
|   3|0x00000006c0b00000, 0x00000006c0c00000, 0x00000006c0c00000|100%|HS|  |TS  0|AC  0|TAMS 0x00000006c0c00000, 0x00000006c0c00000|
|   4|0x00000006c0c00000, 0x00000006c0d00000, 0x00000006c0d00000|100%| O|  |TS  0|AC  0|TAMS 0x00000006c0d00000, 0x00000006c0d00000|
|   5|0x00000006c0d00000, 0x00000006c0e00000, 0x00000006c0e00000|100%| O|  |TS  0|AC  0|TAMS 0x00000006c0e00000, 0x00000006c0e00000|
|   6|0x00000006c0e00000, 0x00000006c0f00000, 0x00000006c0f00000|100%| O|  |TS  0|AC  0|TAMS 0x00000006c0f00000, 0x00000006c0f00000|
|   7|0x00000006c0f00000, 0x00000006c1000000, 0x00000006c1000000|100%| O|  |TS  0|AC  0|TAMS 0x00000006c1000000, 0x00000006c1000000|
|   8|0x00000006c1000000, 0x00000006c1100000, 0x00000006c1100000|100%| O|  |TS  0|AC  0|TAMS 0x00000006c1100000, 0x00000006c1100000|
|   9|0x00000006c1100000, 0x00000006c1200000, 0x00000006c1200000|100%| O|  |TS  0|AC  0|TAMS 0x00000006c1200000, 0x00000006c1200000|
|  10|0x00000006c1200000, 0x00000006c1300000, 0x00000006c1300000|100%| O|  |TS  0|AC  0|TAMS 0x00000006c1300000, 0x00000006c1300000|
|  11|0x00000006c1300000, 0x00000006c1400000, 0x00000006c1400000|100%| O|  |TS  0|AC  0|TAMS 0x00000006c1400000, 0x00000006c1400000|
|  12|0x00000006c1400000, 0x00000006c1500000, 0x00000006c1500000|100%| O|  |TS  0|AC  0|TAMS 0x00000006c1500000, 0x00000006c1500000|
|  13|0x00000006c1500000, 0x00000006c1600000, 0x00000006c1600000|100%| O|  |TS  0|AC  0|TAMS 0x00000006c1600000, 0x00000006c1600000|
|  14|0x00000006c1600000, 0x00000006c1700000, 0x00000006c1700000|100%| O|  |TS  0|AC  0|TAMS 0x00000006c1700000, 0x00000006c1700000|
|  15|0x00000006c1700000, 0x00000006c1800000, 0x00000006c1800000|100%|HS|  |TS  0|AC  0|TAMS 0x00000006c1800000, 0x00000006c1800000|
|  16|0x00000006c1800000, 0x00000006c1900000, 0x00000006c1900000|100%|HC|  |TS  0|AC  0|TAMS 0x00000006c1900000, 0x00000006c1900000|
|  17|0x00000006c1900000, 0x00000006c1a00000, 0x00000006c1a00000|100%| O|  |TS  0|AC  0|TAMS 0x00000006c1a00000, 0x00000006c1a00000|
|  18|0x00000006c1a00000, 0x00000006c1b00000, 0x00000006c1b00000|100%|HS|  |TS  0|AC  0|TAMS 0x00000006c1b00000, 0x00000006c1b00000|
|  19|0x00000006c1b00000, 0x00000006c1c00000, 0x00000006c1c00000|100%| O|  |TS  0|AC  0|TAMS 0x00000006c1c00000, 0x00000006c1c00000|
|  20|0x00000006c1c00000, 0x00000006c1d00000, 0x00000006c1d00000|100%| O|  |TS  0|AC  0|TAMS 0x00000006c1d00000, 0x00000006c1d00000|
|  21|0x00000006c1d00000, 0x00000006c1e00000, 0x00000006c1e00000|100%| O|  |TS  0|AC  0|TAMS 0x00000006c1e00000, 0x00000006c1e00000|
|  22|0x00000006c1e00000, 0x00000006c1f00000, 0x00000006c1f00000|100%| O|  |TS  0|AC  0|TAMS 0x00000006c1f00000, 0x00000006c1f00000|
|  23|0x00000006c1f00000, 0x00000006c2000000, 0x00000006c2000000|100%| O|  |TS  0|AC  0|TAMS 0x00000006c2000000, 0x00000006c2000000|
|  24|0x00000006c2000000, 0x00000006c2100000, 0x00000006c2100000|100%| O|  |TS  0|AC  0|TAMS 0x00000006c2100000, 0x00000006c2100000|
|  25|0x00000006c2100000, 0x00000006c2200000, 0x00000006c2200000|100%| O|  |TS  0|AC  0|TAMS 0x00000006c2200000, 0x00000006c2200000|
|  26|0x00000006c2200000, 0x00000006c2300000, 0x00000006c2300000|100%| O|  |TS  0|AC  0|TAMS 0x00000006c2300000, 0x00000006c2300000|
|  27|0x00000006c2300000, 0x00000006c2400000, 0x00000006c2400000|100%| O|  |TS  0|AC  0|TAMS 0x00000006c2400000, 0x00000006c2400000|
|  28|0x00000006c2400000, 0x00000006c2500000, 0x00000006c2500000|100%| O|  |TS  0|AC  0|TAMS 0x00000006c2500000, 0x00000006c2500000|
|  29|0x00000006c2500000, 0x00000006c2600000, 0x00000006c2600000|100%| O|  |TS  0|AC  0|TAMS 0x00000006c2600000, 0x00000006c2600000|
|  30|0x00000006c2600000, 0x00000006c2700000, 0x00000006c2700000|100%| O|  |TS  0|AC  0|TAMS 0x00000006c2700000, 0x00000006c2700000|
|  31|0x00000006c2700000, 0x00000006c2800000, 0x00000006c2800000|100%| O|  |TS  0|AC  0|TAMS 0x00000006c2800000, 0x00000006c2800000|
|  32|0x00000006c2800000, 0x00000006c2900000, 0x00000006c2900000|100%| O|  |TS  0|AC  0|TAMS 0x00000006c2900000, 0x00000006c2900000|
|  33|0x00000006c2900000, 0x00000006c2a00000, 0x00000006c2a00000|100%| O|  |TS  0|AC  0|TAMS 0x00000006c2a00000, 0x00000006c2a00000|
|  34|0x00000006c2a00000, 0x00000006c2b00000, 0x00000006c2b00000|100%| O|  |TS  0|AC  0|TAMS 0x00000006c2b00000, 0x00000006c2b00000|
|  35|0x00000006c2b00000, 0x00000006c2c00000, 0x00000006c2c00000|100%| O|  |TS  0|AC  0|TAMS 0x00000006c2c00000, 0x00000006c2c00000|
|  36|0x00000006c2c00000, 0x00000006c2d00000, 0x00000006c2d00000|100%| O|  |TS  0|AC  0|TAMS 0x00000006c2d00000, 0x00000006c2d00000|
|  37|0x00000006c2d00000, 0x00000006c2e00000, 0x00000006c2e00000|100%| O|  |TS  0|AC  0|TAMS 0x00000006c2e00000, 0x00000006c2e00000|
|  38|0x00000006c2e00000, 0x00000006c2f00000, 0x00000006c2f00000|100%| O|  |TS  0|AC  0|TAMS 0x00000006c2f00000, 0x00000006c2f00000|
|  39|0x00000006c2f00000, 0x00000006c3000000, 0x00000006c3000000|100%| O|  |TS  0|AC  0|TAMS 0x00000006c3000000, 0x00000006c3000000|
|  40|0x00000006c3000000, 0x00000006c3100000, 0x00000006c3100000|100%| O|  |TS  0|AC  0|TAMS 0x00000006c3100000, 0x00000006c3100000|
|  41|0x00000006c3100000, 0x00000006c3200000, 0x00000006c3200000|100%| O|  |TS  0|AC  0|TAMS 0x00000006c3200000, 0x00000006c3200000|
|  42|0x00000006c3200000, 0x00000006c3300000, 0x00000006c3300000|100%| O|  |TS  0|AC  0|TAMS 0x00000006c3300000, 0x00000006c3300000|
|  43|0x00000006c3300000, 0x00000006c3300000, 0x00000006c3400000|  0%| F|  |TS  0|AC  0|TAMS 0x00000006c3300000, 0x00000006c3300000|
|  44|0x00000006c3400000, 0x00000006c3500000, 0x00000006c3500000|100%| O|  |TS  0|AC  0|TAMS 0x00000006c3500000, 0x00000006c3500000|
|  45|0x00000006c3500000, 0x00000006c3600000, 0x00000006c3600000|100%| O|  |TS  0|AC  0|TAMS 0x00000006c3600000, 0x00000006c3600000|
|  46|0x00000006c3600000, 0x00000006c3700000, 0x00000006c3700000|100%| O|  |TS  0|AC  0|TAMS 0x00000006c3700000, 0x00000006c3700000|
|  47|0x00000006c3700000, 0x00000006c3800000, 0x00000006c3800000|100%| O|  |TS  0|AC  0|TAMS 0x00000006c3800000, 0x00000006c3800000|
|  48|0x00000006c3800000, 0x00000006c3900000, 0x00000006c3900000|100%| O|  |TS  0|AC  0|TAMS 0x00000006c3900000, 0x00000006c3900000|
|  49|0x00000006c3900000, 0x00000006c3a00000, 0x00000006c3a00000|100%| O|  |TS  0|AC  0|TAMS 0x00000006c3a00000, 0x00000006c3a00000|
|  50|0x00000006c3a00000, 0x00000006c3a00000, 0x00000006c3b00000|  0%| F|  |TS  0|AC  0|TAMS 0x00000006c3a00000, 0x00000006c3a00000|
|  51|0x00000006c3b00000, 0x00000006c3c00000, 0x00000006c3c00000|100%| O|  |TS  0|AC  0|TAMS 0x00000006c3c00000, 0x00000006c3c00000|
|  52|0x00000006c3c00000, 0x00000006c3d00000, 0x00000006c3d00000|100%| O|  |TS  0|AC  0|TAMS 0x00000006c3d00000, 0x00000006c3d00000|
|  53|0x00000006c3d00000, 0x00000006c3e00000, 0x00000006c3e00000|100%| O|  |TS  0|AC  0|TAMS 0x00000006c3e00000, 0x00000006c3e00000|
|  54|0x00000006c3e00000, 0x00000006c3f00000, 0x00000006c3f00000|100%| O|  |TS  0|AC  0|TAMS 0x00000006c3f00000, 0x00000006c3f00000|
|  55|0x00000006c3f00000, 0x00000006c3f00000, 0x00000006c4000000|  0%| F|  |TS  0|AC  0|TAMS 0x00000006c3f00000, 0x00000006c3f00000|
|  56|0x00000006c4000000, 0x00000006c4100000, 0x00000006c4100000|100%| O|  |TS  0|AC  0|TAMS 0x00000006c4100000, 0x00000006c4100000|
|  57|0x00000006c4100000, 0x00000006c4200000, 0x00000006c4200000|100%| O|  |TS  0|AC  0|TAMS 0x00000006c4200000, 0x00000006c4200000|
|  58|0x00000006c4200000, 0x00000006c4200000, 0x00000006c4300000|  0%| F|  |TS  0|AC  0|TAMS 0x00000006c4200000, 0x00000006c4200000|
|  59|0x00000006c4300000, 0x00000006c4400000, 0x00000006c4400000|100%| O|  |TS  0|AC  0|TAMS 0x00000006c4400000, 0x00000006c4400000|
|  60|0x00000006c4400000, 0x00000006c4500000, 0x00000006c4500000|100%| O|  |TS  0|AC  0|TAMS 0x00000006c4500000, 0x00000006c4500000|
|  61|0x00000006c4500000, 0x00000006c4600000, 0x00000006c4600000|100%| O|  |TS  0|AC  0|TAMS 0x00000006c4600000, 0x00000006c4600000|
|  62|0x00000006c4600000, 0x00000006c4700000, 0x00000006c4700000|100%| O|  |TS  0|AC  0|TAMS 0x00000006c4700000, 0x00000006c4700000|
|  63|0x00000006c4700000, 0x00000006c4800000, 0x00000006c4800000|100%| O|  |TS  0|AC  0|TAMS 0x00000006c4800000, 0x00000006c4800000|
|  64|0x00000006c4800000, 0x00000006c4800000, 0x00000006c4900000|  0%| F|  |TS  0|AC  0|TAMS 0x00000006c4800000, 0x00000006c4800000|
|  65|0x00000006c4900000, 0x00000006c4a00000, 0x00000006c4a00000|100%| O|  |TS  0|AC  0|TAMS 0x00000006c4a00000, 0x00000006c4a00000|
|  66|0x00000006c4a00000, 0x00000006c4b00000, 0x00000006c4b00000|100%| O|  |TS  0|AC  0|TAMS 0x00000006c4b00000, 0x00000006c4b00000|
|  67|0x00000006c4b00000, 0x00000006c4c00000, 0x00000006c4c00000|100%| O|  |TS  0|AC  0|TAMS 0x00000006c4c00000, 0x00000006c4c00000|
|  68|0x00000006c4c00000, 0x00000006c4d00000, 0x00000006c4d00000|100%| O|  |TS  0|AC  0|TAMS 0x00000006c4d00000, 0x00000006c4d00000|
|  69|0x00000006c4d00000, 0x00000006c4e00000, 0x00000006c4e00000|100%| O|  |TS  0|AC  0|TAMS 0x00000006c4e00000, 0x00000006c4e00000|
|  70|0x00000006c4e00000, 0x00000006c4f00000, 0x00000006c4f00000|100%| O|  |TS  0|AC  0|TAMS 0x00000006c4f00000, 0x00000006c4f00000|
|  71|0x00000006c4f00000, 0x00000006c5000000, 0x00000006c5000000|100%| O|  |TS  0|AC  0|TAMS 0x00000006c5000000, 0x00000006c5000000|
|  72|0x00000006c5000000, 0x00000006c5100000, 0x00000006c5100000|100%| O|  |TS  0|AC  0|TAMS 0x00000006c5100000, 0x00000006c5100000|
|  73|0x00000006c5100000, 0x00000006c5200000, 0x00000006c5200000|100%| O|  |TS  0|AC  0|TAMS 0x00000006c5200000, 0x00000006c5200000|
|  74|0x00000006c5200000, 0x00000006c5200000, 0x00000006c5300000|  0%| F|  |TS  0|AC  0|TAMS 0x00000006c5200000, 0x00000006c5200000|
|  75|0x00000006c5300000, 0x00000006c5300000, 0x00000006c5400000|  0%| F|  |TS  0|AC  0|TAMS 0x00000006c5300000, 0x00000006c5300000|
|  76|0x00000006c5400000, 0x00000006c5500000, 0x00000006c5500000|100%| O|  |TS  0|AC  0|TAMS 0x00000006c5500000, 0x00000006c5500000|
|  77|0x00000006c5500000, 0x00000006c5600000, 0x00000006c5600000|100%| O|  |TS  0|AC  0|TAMS 0x00000006c5600000, 0x00000006c5600000|
|  78|0x00000006c5600000, 0x00000006c5700000, 0x00000006c5700000|100%| O|  |TS  0|AC  0|TAMS 0x00000006c5700000, 0x00000006c5700000|
|  79|0x00000006c5700000, 0x00000006c5800000, 0x00000006c5800000|100%| O|  |TS  0|AC  0|TAMS 0x00000006c5800000, 0x00000006c5800000|
|  80|0x00000006c5800000, 0x00000006c5800000, 0x00000006c5900000|  0%| F|  |TS  0|AC  0|TAMS 0x00000006c5800000, 0x00000006c5800000|
|  81|0x00000006c5900000, 0x00000006c5a00000, 0x00000006c5a00000|100%| O|  |TS  0|AC  0|TAMS 0x00000006c5a00000, 0x00000006c5a00000|
|  82|0x00000006c5a00000, 0x00000006c5b00000, 0x00000006c5b00000|100%| O|  |TS  0|AC  0|TAMS 0x00000006c5b00000, 0x00000006c5b00000|
|  83|0x00000006c5b00000, 0x00000006c5c00000, 0x00000006c5c00000|100%| O|  |TS  0|AC  0|TAMS 0x00000006c5c00000, 0x00000006c5c00000|
|  84|0x00000006c5c00000, 0x00000006c5d00000, 0x00000006c5d00000|100%| O|  |TS  0|AC  0|TAMS 0x00000006c5d00000, 0x00000006c5d00000|
|  85|0x00000006c5d00000, 0x00000006c5e00000, 0x00000006c5e00000|100%| O|  |TS  0|AC  0|TAMS 0x00000006c5e00000, 0x00000006c5e00000|
|  86|0x00000006c5e00000, 0x00000006c5f00000, 0x00000006c5f00000|100%| O|  |TS  0|AC  0|TAMS 0x00000006c5f00000, 0x00000006c5f00000|
|  87|0x00000006c5f00000, 0x00000006c6000000, 0x00000006c6000000|100%| O|  |TS  0|AC  0|TAMS 0x00000006c6000000, 0x00000006c6000000|
|  88|0x00000006c6000000, 0x00000006c6100000, 0x00000006c6100000|100%| O|  |TS  0|AC  0|TAMS 0x00000006c6100000, 0x00000006c6100000|
|  89|0x00000006c6100000, 0x00000006c6200000, 0x00000006c6200000|100%| O|  |TS  0|AC  0|TAMS 0x00000006c6200000, 0x00000006c6200000|
|  90|0x00000006c6200000, 0x00000006c6300000, 0x00000006c6300000|100%| O|  |TS  0|AC  0|TAMS 0x00000006c6300000, 0x00000006c6300000|
|  91|0x00000006c6300000, 0x00000006c6400000, 0x00000006c6400000|100%| O|  |TS  0|AC  0|TAMS 0x00000006c6400000, 0x00000006c6400000|
|  92|0x00000006c6400000, 0x00000006c6500000, 0x00000006c6500000|100%| O|  |TS  0|AC  0|TAMS 0x00000006c6500000, 0x00000006c6500000|
|  93|0x00000006c6500000, 0x00000006c6600000, 0x00000006c6600000|100%| O|  |TS  0|AC  0|TAMS 0x00000006c6600000, 0x00000006c6600000|
|  94|0x00000006c6600000, 0x00000006c6700000, 0x00000006c6700000|100%| O|  |TS  0|AC  0|TAMS 0x00000006c6700000, 0x00000006c6700000|
|  95|0x00000006c6700000, 0x00000006c6800000, 0x00000006c6800000|100%| O|  |TS  0|AC  0|TAMS 0x00000006c6800000, 0x00000006c6800000|
|  96|0x00000006c6800000, 0x00000006c6800000, 0x00000006c6900000|  0%| F|  |TS  0|AC  0|TAMS 0x00000006c6800000, 0x00000006c6800000|
|  97|0x00000006c6900000, 0x00000006c6a00000, 0x00000006c6a00000|100%| O|  |TS  0|AC  0|TAMS 0x00000006c6a00000, 0x00000006c6a00000|
|  98|0x00000006c6a00000, 0x00000006c6b00000, 0x00000006c6b00000|100%| O|  |TS  0|AC  0|TAMS 0x00000006c6b00000, 0x00000006c6b00000|
|  99|0x00000006c6b00000, 0x00000006c6c00000, 0x00000006c6c00000|100%| O|  |TS  0|AC  0|TAMS 0x00000006c6c00000, 0x00000006c6c00000|
| 100|0x00000006c6c00000, 0x00000006c6d00000, 0x00000006c6d00000|100%| O|  |TS  0|AC  0|TAMS 0x00000006c6d00000, 0x00000006c6d00000|
| 101|0x00000006c6d00000, 0x00000006c6e00000, 0x00000006c6e00000|100%| O|  |TS  0|AC  0|TAMS 0x00000006c6e00000, 0x00000006c6e00000|
| 102|0x00000006c6e00000, 0x00000006c6f00000, 0x00000006c6f00000|100%| O|  |TS  0|AC  0|TAMS 0x00000006c6f00000, 0x00000006c6f00000|
| 103|0x00000006c6f00000, 0x00000006c6f00000, 0x00000006c7000000|  0%| F|  |TS  0|AC  0|TAMS 0x00000006c6f00000, 0x00000006c6f00000|
| 104|0x00000006c7000000, 0x00000006c7100000, 0x00000006c7100000|100%| O|  |TS  0|AC  0|TAMS 0x00000006c7100000, 0x00000006c7100000|
| 105|0x00000006c7100000, 0x00000006c7100000, 0x00000006c7200000|  0%| F|  |TS  0|AC  0|TAMS 0x00000006c7100000, 0x00000006c7100000|
| 106|0x00000006c7200000, 0x00000006c7300000, 0x00000006c7300000|100%| O|  |TS  0|AC  0|TAMS 0x00000006c7300000, 0x00000006c7300000|
| 107|0x00000006c7300000, 0x00000006c7400000, 0x00000006c7400000|100%| O|  |TS  0|AC  0|TAMS 0x00000006c7400000, 0x00000006c7400000|
| 108|0x00000006c7400000, 0x00000006c7500000, 0x00000006c7500000|100%| O|  |TS  0|AC  0|TAMS 0x00000006c7500000, 0x00000006c7500000|
| 109|0x00000006c7500000, 0x00000006c7500000, 0x00000006c7600000|  0%| F|  |TS  0|AC  0|TAMS 0x00000006c7500000, 0x00000006c7500000|
| 110|0x00000006c7600000, 0x00000006c7700000, 0x00000006c7700000|100%| O|  |TS  0|AC  0|TAMS 0x00000006c7700000, 0x00000006c7700000|
| 111|0x00000006c7700000, 0x00000006c7800000, 0x00000006c7800000|100%| O|  |TS  0|AC  0|TAMS 0x00000006c7800000, 0x00000006c7800000|
| 112|0x00000006c7800000, 0x00000006c7900000, 0x00000006c7900000|100%| O|  |TS  0|AC  0|TAMS 0x00000006c7900000, 0x00000006c7900000|
| 113|0x00000006c7900000, 0x00000006c7a00000, 0x00000006c7a00000|100%| O|  |TS  0|AC  0|TAMS 0x00000006c7a00000, 0x00000006c7a00000|
| 114|0x00000006c7a00000, 0x00000006c7b00000, 0x00000006c7b00000|100%| O|  |TS  0|AC  0|TAMS 0x00000006c7b00000, 0x00000006c7b00000|
| 115|0x00000006c7b00000, 0x00000006c7c00000, 0x00000006c7c00000|100%| O|  |TS  0|AC  0|TAMS 0x00000006c7c00000, 0x00000006c7c00000|
| 116|0x00000006c7c00000, 0x00000006c7d00000, 0x00000006c7d00000|100%| O|  |TS  0|AC  0|TAMS 0x00000006c7d00000, 0x00000006c7d00000|
| 117|0x00000006c7d00000, 0x00000006c7e00000, 0x00000006c7e00000|100%| O|  |TS  0|AC  0|TAMS 0x00000006c7e00000, 0x00000006c7e00000|
| 118|0x00000006c7e00000, 0x00000006c7f00000, 0x00000006c7f00000|100%| O|  |TS  0|AC  0|TAMS 0x00000006c7f00000, 0x00000006c7f00000|
| 119|0x00000006c7f00000, 0x00000006c8000000, 0x00000006c8000000|100%| O|  |TS  0|AC  0|TAMS 0x00000006c8000000, 0x00000006c8000000|
| 120|0x00000006c8000000, 0x00000006c8100000, 0x00000006c8100000|100%| O|  |TS  0|AC  0|TAMS 0x00000006c8100000, 0x00000006c8100000|
| 121|0x00000006c8100000, 0x00000006c8200000, 0x00000006c8200000|100%| O|  |TS  0|AC  0|TAMS 0x00000006c8200000, 0x00000006c8200000|
| 122|0x00000006c8200000, 0x00000006c8300000, 0x00000006c8300000|100%| O|  |TS  0|AC  0|TAMS 0x00000006c8300000, 0x00000006c8300000|
| 123|0x00000006c8300000, 0x00000006c8400000, 0x00000006c8400000|100%| O|  |TS  0|AC  0|TAMS 0x00000006c8400000, 0x00000006c8400000|
| 124|0x00000006c8400000, 0x00000006c8400000, 0x00000006c8500000|  0%| F|  |TS  0|AC  0|TAMS 0x00000006c8400000, 0x00000006c8400000|
| 125|0x00000006c8500000, 0x00000006c8600000, 0x00000006c8600000|100%| O|  |TS  0|AC  0|TAMS 0x00000006c8600000, 0x00000006c8600000|
| 126|0x00000006c8600000, 0x00000006c8700000, 0x00000006c8700000|100%| O|  |TS  0|AC  0|TAMS 0x00000006c8700000, 0x00000006c8700000|
| 127|0x00000006c8700000, 0x00000006c8800000, 0x00000006c8800000|100%| O|  |TS  0|AC  0|TAMS 0x00000006c8800000, 0x00000006c8800000|
| 128|0x00000006c8800000, 0x00000006c8900000, 0x00000006c8900000|100%| O|  |TS  0|AC  0|TAMS 0x00000006c8900000, 0x00000006c8900000|
| 129|0x00000006c8900000, 0x00000006c8988c00, 0x00000006c8a00000| 53%| O|  |TS  0|AC  0|TAMS 0x00000006c8988c00, 0x00000006c8988c00|
| 130|0x00000006c8a00000, 0x00000006c8b00000, 0x00000006c8b00000|100%| O|  |TS  0|AC  0|TAMS 0x00000006c8b00000, 0x00000006c8b00000|
| 131|0x00000006c8b00000, 0x00000006c8c00000, 0x00000006c8c00000|100%| O|  |TS  0|AC  0|TAMS 0x00000006c8c00000, 0x00000006c8c00000|
| 132|0x00000006c8c00000, 0x00000006c8d00000, 0x00000006c8d00000|100%| O|  |TS  0|AC  0|TAMS 0x00000006c8d00000, 0x00000006c8d00000|
| 133|0x00000006c8d00000, 0x00000006c8e00000, 0x00000006c8e00000|100%| O|  |TS  0|AC  0|TAMS 0x00000006c8e00000, 0x00000006c8e00000|
| 134|0x00000006c8e00000, 0x00000006c8f00000, 0x00000006c8f00000|100%| O|  |TS  0|AC  0|TAMS 0x00000006c8f00000, 0x00000006c8f00000|
| 135|0x00000006c8f00000, 0x00000006c8f00000, 0x00000006c9000000|  0%| F|  |TS  0|AC  0|TAMS 0x00000006c8f00000, 0x00000006c8f00000|
| 136|0x00000006c9000000, 0x00000006c9100000, 0x00000006c9100000|100%| O|  |TS  0|AC  0|TAMS 0x00000006c9100000, 0x00000006c9100000|
| 137|0x00000006c9100000, 0x00000006c9100000, 0x00000006c9200000|  0%| F|  |TS  0|AC  0|TAMS 0x00000006c9100000, 0x00000006c9100000|
| 138|0x00000006c9200000, 0x00000006c9200000, 0x00000006c9300000|  0%| F|  |TS  0|AC  0|TAMS 0x00000006c9200000, 0x00000006c9200000|
| 139|0x00000006c9300000, 0x00000006c9300000, 0x00000006c9400000|  0%| F|  |TS  0|AC  0|TAMS 0x00000006c9300000, 0x00000006c9300000|
| 140|0x00000006c9400000, 0x00000006c9400000, 0x00000006c9500000|  0%| F|  |TS  0|AC  0|TAMS 0x00000006c9400000, 0x00000006c9400000|
| 141|0x00000006c9500000, 0x00000006c9500000, 0x00000006c9600000|  0%| F|  |TS  0|AC  0|TAMS 0x00000006c9500000, 0x00000006c9500000|
| 142|0x00000006c9600000, 0x00000006c9600000, 0x00000006c9700000|  0%| F|  |TS  0|AC  0|TAMS 0x00000006c9600000, 0x00000006c9600000|
| 143|0x00000006c9700000, 0x00000006c9700000, 0x00000006c9800000|  0%| F|  |TS  0|AC  0|TAMS 0x00000006c9700000, 0x00000006c9700000|
| 144|0x00000006c9800000, 0x00000006c9800000, 0x00000006c9900000|  0%| F|  |TS  0|AC  0|TAMS 0x00000006c9800000, 0x00000006c9800000|
| 145|0x00000006c9900000, 0x00000006c9900000, 0x00000006c9a00000|  0%| F|  |TS  0|AC  0|TAMS 0x00000006c9900000, 0x00000006c9900000|
| 146|0x00000006c9a00000, 0x00000006c9a00000, 0x00000006c9b00000|  0%| F|  |TS  0|AC  0|TAMS 0x00000006c9a00000, 0x00000006c9a00000|
| 147|0x00000006c9b00000, 0x00000006c9b00000, 0x00000006c9c00000|  0%| F|  |TS  0|AC  0|TAMS 0x00000006c9b00000, 0x00000006c9b00000|
| 148|0x00000006c9c00000, 0x00000006c9d00000, 0x00000006c9d00000|100%| O|  |TS  0|AC  0|TAMS 0x00000006c9d00000, 0x00000006c9d00000|
| 149|0x00000006c9d00000, 0x00000006c9e00000, 0x00000006c9e00000|100%| O|  |TS  0|AC  0|TAMS 0x00000006c9e00000, 0x00000006c9e00000|
| 150|0x00000006c9e00000, 0x00000006c9f00000, 0x00000006c9f00000|100%| O|  |TS  0|AC  0|TAMS 0x00000006c9f00000, 0x00000006c9f00000|
| 151|0x00000006c9f00000, 0x00000006ca000000, 0x00000006ca000000|100%| O|  |TS  0|AC  0|TAMS 0x00000006ca000000, 0x00000006ca000000|
| 152|0x00000006ca000000, 0x00000006ca100000, 0x00000006ca100000|100%| O|  |TS  0|AC  0|TAMS 0x00000006ca100000, 0x00000006ca100000|
| 153|0x00000006ca100000, 0x00000006ca100000, 0x00000006ca200000|  0%| F|  |TS  0|AC  0|TAMS 0x00000006ca100000, 0x00000006ca100000|
| 154|0x00000006ca200000, 0x00000006ca200000, 0x00000006ca300000|  0%| F|  |TS  0|AC  0|TAMS 0x00000006ca200000, 0x00000006ca200000|
| 155|0x00000006ca300000, 0x00000006ca300000, 0x00000006ca400000|  0%| F|  |TS  0|AC  0|TAMS 0x00000006ca300000, 0x00000006ca300000|
| 156|0x00000006ca400000, 0x00000006ca400000, 0x00000006ca500000|  0%| F|  |TS  0|AC  0|TAMS 0x00000006ca400000, 0x00000006ca400000|
| 157|0x00000006ca500000, 0x00000006ca500000, 0x00000006ca600000|  0%| F|  |TS  0|AC  0|TAMS 0x00000006ca500000, 0x00000006ca500000|
| 158|0x00000006ca600000, 0x00000006ca600000, 0x00000006ca700000|  0%| F|  |TS  0|AC  0|TAMS 0x00000006ca600000, 0x00000006ca600000|
| 159|0x00000006ca700000, 0x00000006ca700000, 0x00000006ca800000|  0%| F|  |TS  0|AC  0|TAMS 0x00000006ca700000, 0x00000006ca700000|
| 160|0x00000006ca800000, 0x00000006ca800000, 0x00000006ca900000|  0%| F|  |TS  0|AC  0|TAMS 0x00000006ca800000, 0x00000006ca800000|
| 161|0x00000006ca900000, 0x00000006ca900000, 0x00000006caa00000|  0%| F|  |TS  0|AC  0|TAMS 0x00000006ca900000, 0x00000006ca900000|
| 162|0x00000006caa00000, 0x00000006caa00000, 0x00000006cab00000|  0%| F|  |TS  0|AC  0|TAMS 0x00000006caa00000, 0x00000006caa00000|
| 163|0x00000006cab00000, 0x00000006cab00000, 0x00000006cac00000|  0%| F|  |TS  0|AC  0|TAMS 0x00000006cab00000, 0x00000006cab00000|
| 164|0x00000006cac00000, 0x00000006cac00000, 0x00000006cad00000|  0%| F|  |TS  0|AC  0|TAMS 0x00000006cac00000, 0x00000006cac00000|
| 165|0x00000006cad00000, 0x00000006cad00000, 0x00000006cae00000|  0%| F|  |TS  0|AC  0|TAMS 0x00000006cad00000, 0x00000006cad00000|
| 166|0x00000006cae00000, 0x00000006cae00000, 0x00000006caf00000|  0%| F|  |TS  0|AC  0|TAMS 0x00000006cae00000, 0x00000006cae00000|
| 167|0x00000006caf00000, 0x00000006caf00000, 0x00000006cb000000|  0%| F|  |TS  0|AC  0|TAMS 0x00000006caf00000, 0x00000006caf00000|
| 168|0x00000006cb000000, 0x00000006cb000000, 0x00000006cb100000|  0%| F|  |TS  0|AC  0|TAMS 0x00000006cb000000, 0x00000006cb000000|
| 169|0x00000006cb100000, 0x00000006cb100000, 0x00000006cb200000|  0%| F|  |TS  0|AC  0|TAMS 0x00000006cb100000, 0x00000006cb100000|
| 170|0x00000006cb200000, 0x00000006cb200000, 0x00000006cb300000|  0%| F|  |TS  0|AC  0|TAMS 0x00000006cb200000, 0x00000006cb200000|
| 171|0x00000006cb300000, 0x00000006cb300000, 0x00000006cb400000|  0%| F|  |TS  0|AC  0|TAMS 0x00000006cb300000, 0x00000006cb300000|
| 172|0x00000006cb400000, 0x00000006cb400000, 0x00000006cb500000|  0%| F|  |TS  0|AC  0|TAMS 0x00000006cb400000, 0x00000006cb400000|
| 173|0x00000006cb500000, 0x00000006cb500000, 0x00000006cb600000|  0%| F|  |TS  0|AC  0|TAMS 0x00000006cb500000, 0x00000006cb500000|
| 174|0x00000006cb600000, 0x00000006cb600000, 0x00000006cb700000|  0%| F|  |TS  0|AC  0|TAMS 0x00000006cb600000, 0x00000006cb600000|
| 175|0x00000006cb700000, 0x00000006cb700000, 0x00000006cb800000|  0%| F|  |TS  0|AC  0|TAMS 0x00000006cb700000, 0x00000006cb700000|
| 176|0x00000006cb800000, 0x00000006cb800000, 0x00000006cb900000|  0%| F|  |TS  0|AC  0|TAMS 0x00000006cb800000, 0x00000006cb800000|
| 177|0x00000006cb900000, 0x00000006cb900000, 0x00000006cba00000|  0%| F|  |TS  0|AC  0|TAMS 0x00000006cb900000, 0x00000006cb900000|
| 178|0x00000006cba00000, 0x00000006cba00000, 0x00000006cbb00000|  0%| F|  |TS  0|AC  0|TAMS 0x00000006cba00000, 0x00000006cba00000|
| 179|0x00000006cbb00000, 0x00000006cbb00000, 0x00000006cbc00000|  0%| F|  |TS  0|AC  0|TAMS 0x00000006cbb00000, 0x00000006cbb00000|
| 180|0x00000006cbc00000, 0x00000006cbc00000, 0x00000006cbd00000|  0%| F|  |TS  0|AC  0|TAMS 0x00000006cbc00000, 0x00000006cbc00000|
| 181|0x00000006cbd00000, 0x00000006cbd00000, 0x00000006cbe00000|  0%| F|  |TS  0|AC  0|TAMS 0x00000006cbd00000, 0x00000006cbd00000|
| 182|0x00000006cbe00000, 0x00000006cbe00000, 0x00000006cbf00000|  0%| F|  |TS  0|AC  0|TAMS 0x00000006cbe00000, 0x00000006cbe00000|
| 183|0x00000006cbf00000, 0x00000006cbf00000, 0x00000006cc000000|  0%| F|  |TS  0|AC  0|TAMS 0x00000006cbf00000, 0x00000006cbf00000|
| 184|0x00000006cc000000, 0x00000006cc000000, 0x00000006cc100000|  0%| F|  |TS  0|AC  0|TAMS 0x00000006cc000000, 0x00000006cc000000|
| 185|0x00000006cc100000, 0x00000006cc100000, 0x00000006cc200000|  0%| F|  |TS  0|AC  0|TAMS 0x00000006cc100000, 0x00000006cc100000|
| 186|0x00000006cc200000, 0x00000006cc300000, 0x00000006cc300000|100%| O|  |TS  0|AC  0|TAMS 0x00000006cc300000, 0x00000006cc300000|
| 187|0x00000006cc300000, 0x00000006cc300000, 0x00000006cc400000|  0%| F|  |TS  0|AC  0|TAMS 0x00000006cc300000, 0x00000006cc300000|
| 188|0x00000006cc400000, 0x00000006cc400000, 0x00000006cc500000|  0%| F|  |TS  0|AC  0|TAMS 0x00000006cc400000, 0x00000006cc400000|
| 189|0x00000006cc500000, 0x00000006cc500000, 0x00000006cc600000|  0%| F|  |TS  0|AC  0|TAMS 0x00000006cc500000, 0x00000006cc500000|
| 190|0x00000006cc600000, 0x00000006cc600000, 0x00000006cc700000|  0%| F|  |TS  0|AC  0|TAMS 0x00000006cc600000, 0x00000006cc600000|
| 191|0x00000006cc700000, 0x00000006cc700000, 0x00000006cc800000|  0%| F|  |TS  0|AC  0|TAMS 0x00000006cc700000, 0x00000006cc700000|
| 192|0x00000006cc800000, 0x00000006cc800000, 0x00000006cc900000|  0%| F|  |TS  0|AC  0|TAMS 0x00000006cc800000, 0x00000006cc800000|
| 193|0x00000006cc900000, 0x00000006cc900000, 0x00000006cca00000|  0%| F|  |TS  0|AC  0|TAMS 0x00000006cc900000, 0x00000006cc900000|
| 194|0x00000006cca00000, 0x00000006cca00000, 0x00000006ccb00000|  0%| F|  |TS  0|AC  0|TAMS 0x00000006cca00000, 0x00000006cca00000|
| 195|0x00000006ccb00000, 0x00000006ccb00000, 0x00000006ccc00000|  0%| F|  |TS  0|AC  0|TAMS 0x00000006ccb00000, 0x00000006ccb00000|
| 196|0x00000006ccc00000, 0x00000006ccc00000, 0x00000006ccd00000|  0%| F|  |TS  0|AC  0|TAMS 0x00000006ccc00000, 0x00000006ccc00000|
| 197|0x00000006ccd00000, 0x00000006ccd00000, 0x00000006cce00000|  0%| F|  |TS  0|AC  0|TAMS 0x00000006ccd00000, 0x00000006ccd00000|
| 198|0x00000006cce00000, 0x00000006cce00000, 0x00000006ccf00000|  0%| F|  |TS  0|AC  0|TAMS 0x00000006cce00000, 0x00000006cce00000|
| 199|0x00000006ccf00000, 0x00000006ccf00000, 0x00000006cd000000|  0%| F|  |TS  0|AC  0|TAMS 0x00000006ccf00000, 0x00000006ccf00000|
| 200|0x00000006cd000000, 0x00000006cd000000, 0x00000006cd100000|  0%| F|  |TS  0|AC  0|TAMS 0x00000006cd000000, 0x00000006cd000000|
| 201|0x00000006cd100000, 0x00000006cd100000, 0x00000006cd200000|  0%| F|  |TS  0|AC  0|TAMS 0x00000006cd100000, 0x00000006cd100000|
| 202|0x00000006cd200000, 0x00000006cd200000, 0x00000006cd300000|  0%| F|  |TS  0|AC  0|TAMS 0x00000006cd200000, 0x00000006cd200000|
| 203|0x00000006cd300000, 0x00000006cd400000, 0x00000006cd400000|100%|HS|  |TS  0|AC  0|TAMS 0x00000006cd400000, 0x00000006cd400000|
| 204|0x00000006cd400000, 0x00000006cd500000, 0x00000006cd500000|100%|HC|  |TS  0|AC  0|TAMS 0x00000006cd500000, 0x00000006cd500000|
| 205|0x00000006cd500000, 0x00000006cd600000, 0x00000006cd600000|100%|HC|  |TS  0|AC  0|TAMS 0x00000006cd600000, 0x00000006cd600000|
| 206|0x00000006cd600000, 0x00000006cd600000, 0x00000006cd700000|  0%| F|  |TS  0|AC  0|TAMS 0x00000006cd600000, 0x00000006cd600000|
| 207|0x00000006cd700000, 0x00000006cd700000, 0x00000006cd800000|  0%| F|  |TS  0|AC  0|TAMS 0x00000006cd700000, 0x00000006cd700000|
| 208|0x00000006cd800000, 0x00000006cd800000, 0x00000006cd900000|  0%| F|  |TS  0|AC  0|TAMS 0x00000006cd800000, 0x00000006cd800000|
| 209|0x00000006cd900000, 0x00000006cd900000, 0x00000006cda00000|  0%| F|  |TS  0|AC  0|TAMS 0x00000006cd900000, 0x00000006cd900000|
| 210|0x00000006cda00000, 0x00000006cda00000, 0x00000006cdb00000|  0%| F|  |TS  0|AC  0|TAMS 0x00000006cda00000, 0x00000006cda00000|
| 211|0x00000006cdb00000, 0x00000006cdb4cff8, 0x00000006cdc00000| 30%| S|CS|TS  0|AC  0|TAMS 0x00000006cdb00000, 0x00000006cdb00000|
| 212|0x00000006cdc00000, 0x00000006cdd00000, 0x00000006cdd00000|100%| S|CS|TS  0|AC  0|TAMS 0x00000006cdc00000, 0x00000006cdc00000|
| 213|0x00000006cdd00000, 0x00000006cde00000, 0x00000006cde00000|100%| S|CS|TS  0|AC  0|TAMS 0x00000006cdd00000, 0x00000006cdd00000|
| 214|0x00000006cde00000, 0x00000006cdf00000, 0x00000006cdf00000|100%| S|CS|TS  0|AC  0|TAMS 0x00000006cde00000, 0x00000006cde00000|
| 215|0x00000006cdf00000, 0x00000006ce000000, 0x00000006ce000000|100%| S|CS|TS  0|AC  0|TAMS 0x00000006cdf00000, 0x00000006cdf00000|
| 216|0x00000006ce000000, 0x00000006ce000000, 0x00000006ce100000|  0%| F|  |TS  0|AC  0|TAMS 0x00000006ce000000, 0x00000006ce000000|
| 217|0x00000006ce100000, 0x00000006ce100000, 0x00000006ce200000|  0%| F|  |TS  0|AC  0|TAMS 0x00000006ce100000, 0x00000006ce100000|
| 218|0x00000006ce200000, 0x00000006ce200000, 0x00000006ce300000|  0%| F|  |TS  0|AC  0|TAMS 0x00000006ce200000, 0x00000006ce200000|
| 219|0x00000006ce300000, 0x00000006ce300000, 0x00000006ce400000|  0%| F|  |TS  0|AC  0|TAMS 0x00000006ce300000, 0x00000006ce300000|
| 220|0x00000006ce400000, 0x00000006ce400000, 0x00000006ce500000|  0%| F|  |TS  0|AC  0|TAMS 0x00000006ce400000, 0x00000006ce400000|
| 221|0x00000006ce500000, 0x00000006ce580800, 0x00000006ce600000| 50%| E|  |TS  0|AC  0|TAMS 0x00000006ce500000, 0x00000006ce500000|
| 222|0x00000006ce600000, 0x00000006ce700000, 0x00000006ce700000|100%| E|CS|TS  0|AC  0|TAMS 0x00000006ce600000, 0x00000006ce600000|
| 223|0x00000006ce700000, 0x00000006ce800000, 0x00000006ce800000|100%| E|CS|TS  0|AC  0|TAMS 0x00000006ce700000, 0x00000006ce700000|
| 224|0x00000006ce800000, 0x00000006ce900000, 0x00000006ce900000|100%| E|CS|TS  0|AC  0|TAMS 0x00000006ce800000, 0x00000006ce800000|
| 225|0x00000006ce900000, 0x00000006cea00000, 0x00000006cea00000|100%| E|CS|TS  0|AC  0|TAMS 0x00000006ce900000, 0x00000006ce900000|
| 226|0x00000006cea00000, 0x00000006ceb00000, 0x00000006ceb00000|100%| E|CS|TS  0|AC  0|TAMS 0x00000006cea00000, 0x00000006cea00000|
| 227|0x00000006ceb00000, 0x00000006cec00000, 0x00000006cec00000|100%| E|CS|TS  0|AC  0|TAMS 0x00000006ceb00000, 0x00000006ceb00000|
| 228|0x00000006cec00000, 0x00000006ced00000, 0x00000006ced00000|100%| E|CS|TS  0|AC  0|TAMS 0x00000006cec00000, 0x00000006cec00000|
| 229|0x00000006ced00000, 0x00000006cee00000, 0x00000006cee00000|100%| E|CS|TS  0|AC  0|TAMS 0x00000006ced00000, 0x00000006ced00000|
| 230|0x00000006cee00000, 0x00000006cef00000, 0x00000006cef00000|100%| E|CS|TS  0|AC  0|TAMS 0x00000006cee00000, 0x00000006cee00000|
| 231|0x00000006cef00000, 0x00000006cf000000, 0x00000006cf000000|100%| E|CS|TS  0|AC  0|TAMS 0x00000006cef00000, 0x00000006cef00000|
| 232|0x00000006cf000000, 0x00000006cf100000, 0x00000006cf100000|100%| E|CS|TS  0|AC  0|TAMS 0x00000006cf000000, 0x00000006cf000000|
| 233|0x00000006cf100000, 0x00000006cf200000, 0x00000006cf200000|100%| E|CS|TS  0|AC  0|TAMS 0x00000006cf100000, 0x00000006cf100000|
| 234|0x00000006cf200000, 0x00000006cf300000, 0x00000006cf300000|100%| E|CS|TS  0|AC  0|TAMS 0x00000006cf200000, 0x00000006cf200000|
| 235|0x00000006cf300000, 0x00000006cf400000, 0x00000006cf400000|100%| E|CS|TS  0|AC  0|TAMS 0x00000006cf300000, 0x00000006cf300000|
| 236|0x00000006cf400000, 0x00000006cf500000, 0x00000006cf500000|100%| E|CS|TS  0|AC  0|TAMS 0x00000006cf400000, 0x00000006cf400000|
| 237|0x00000006cf500000, 0x00000006cf600000, 0x00000006cf600000|100%| E|CS|TS  0|AC  0|TAMS 0x00000006cf500000, 0x00000006cf500000|
| 238|0x00000006cf600000, 0x00000006cf700000, 0x00000006cf700000|100%| E|CS|TS  0|AC  0|TAMS 0x00000006cf600000, 0x00000006cf600000|
| 239|0x00000006cf700000, 0x00000006cf800000, 0x00000006cf800000|100%| E|CS|TS  0|AC  0|TAMS 0x00000006cf700000, 0x00000006cf700000|
| 240|0x00000006cf800000, 0x00000006cf900000, 0x00000006cf900000|100%| E|CS|TS  0|AC  0|TAMS 0x00000006cf800000, 0x00000006cf800000|
| 241|0x00000006cf900000, 0x00000006cfa00000, 0x00000006cfa00000|100%| E|CS|TS  0|AC  0|TAMS 0x00000006cf900000, 0x00000006cf900000|
| 242|0x00000006cfa00000, 0x00000006cfb00000, 0x00000006cfb00000|100%| E|CS|TS  0|AC  0|TAMS 0x00000006cfa00000, 0x00000006cfa00000|
| 243|0x00000006cfb00000, 0x00000006cfc00000, 0x00000006cfc00000|100%| E|CS|TS  0|AC  0|TAMS 0x00000006cfb00000, 0x00000006cfb00000|
| 244|0x00000006cfc00000, 0x00000006cfd00000, 0x00000006cfd00000|100%| E|CS|TS  0|AC  0|TAMS 0x00000006cfc00000, 0x00000006cfc00000|
| 245|0x00000006cfd00000, 0x00000006cfe00000, 0x00000006cfe00000|100%| E|CS|TS  0|AC  0|TAMS 0x00000006cfd00000, 0x00000006cfd00000|
| 246|0x00000006cfe00000, 0x00000006cff00000, 0x00000006cff00000|100%| E|CS|TS  0|AC  0|TAMS 0x00000006cfe00000, 0x00000006cfe00000|
| 247|0x00000006cff00000, 0x00000006d0000000, 0x00000006d0000000|100%| E|CS|TS  0|AC  0|TAMS 0x00000006cff00000, 0x00000006cff00000|
| 248|0x00000006d0000000, 0x00000006d0100000, 0x00000006d0100000|100%| E|CS|TS  0|AC  0|TAMS 0x00000006d0000000, 0x00000006d0000000|
| 249|0x00000006d0100000, 0x00000006d0200000, 0x00000006d0200000|100%| E|CS|TS  0|AC  0|TAMS 0x00000006d0100000, 0x00000006d0100000|
| 250|0x00000006d0200000, 0x00000006d0300000, 0x00000006d0300000|100%| E|CS|TS  0|AC  0|TAMS 0x00000006d0200000, 0x00000006d0200000|
| 251|0x00000006d0300000, 0x00000006d0400000, 0x00000006d0400000|100%| E|CS|TS  0|AC  0|TAMS 0x00000006d0300000, 0x00000006d0300000|
| 252|0x00000006d0400000, 0x00000006d0500000, 0x00000006d0500000|100%| E|CS|TS  0|AC  0|TAMS 0x00000006d0400000, 0x00000006d0400000|
| 253|0x00000006d0500000, 0x00000006d0600000, 0x00000006d0600000|100%| E|CS|TS  0|AC  0|TAMS 0x00000006d0500000, 0x00000006d0500000|
| 254|0x00000006d0600000, 0x00000006d0700000, 0x00000006d0700000|100%| E|CS|TS  0|AC  0|TAMS 0x00000006d0600000, 0x00000006d0600000|
| 255|0x00000006d0700000, 0x00000006d0800000, 0x00000006d0800000|100%| E|CS|TS  0|AC  0|TAMS 0x00000006d0700000, 0x00000006d0700000|
| 256|0x00000006d0800000, 0x00000006d0900000, 0x00000006d0900000|100%| E|CS|TS  0|AC  0|TAMS 0x00000006d0800000, 0x00000006d0800000|
| 257|0x00000006d0900000, 0x00000006d0a00000, 0x00000006d0a00000|100%| E|CS|TS  0|AC  0|TAMS 0x00000006d0900000, 0x00000006d0900000|
| 258|0x00000006d0a00000, 0x00000006d0b00000, 0x00000006d0b00000|100%| E|CS|TS  0|AC  0|TAMS 0x00000006d0a00000, 0x00000006d0a00000|
| 259|0x00000006d0b00000, 0x00000006d0c00000, 0x00000006d0c00000|100%| E|CS|TS  0|AC  0|TAMS 0x00000006d0b00000, 0x00000006d0b00000|
| 260|0x00000006d0c00000, 0x00000006d0d00000, 0x00000006d0d00000|100%| E|CS|TS  0|AC  0|TAMS 0x00000006d0c00000, 0x00000006d0c00000|
| 261|0x00000006d0d00000, 0x00000006d0e00000, 0x00000006d0e00000|100%| E|CS|TS  0|AC  0|TAMS 0x00000006d0d00000, 0x00000006d0d00000|
| 262|0x00000006d0e00000, 0x00000006d0f00000, 0x00000006d0f00000|100%| E|CS|TS  0|AC  0|TAMS 0x00000006d0e00000, 0x00000006d0e00000|
| 263|0x00000006d0f00000, 0x00000006d1000000, 0x00000006d1000000|100%| E|CS|TS  0|AC  0|TAMS 0x00000006d0f00000, 0x00000006d0f00000|
| 264|0x00000006d1000000, 0x00000006d1100000, 0x00000006d1100000|100%| E|CS|TS  0|AC  0|TAMS 0x00000006d1000000, 0x00000006d1000000|
| 265|0x00000006d1100000, 0x00000006d1200000, 0x00000006d1200000|100%| E|CS|TS  0|AC  0|TAMS 0x00000006d1100000, 0x00000006d1100000|
| 266|0x00000006d1200000, 0x00000006d1300000, 0x00000006d1300000|100%| E|CS|TS  0|AC  0|TAMS 0x00000006d1200000, 0x00000006d1200000|
| 267|0x00000006d1300000, 0x00000006d1400000, 0x00000006d1400000|100%| E|CS|TS  0|AC  0|TAMS 0x00000006d1300000, 0x00000006d1300000|
| 268|0x00000006d1400000, 0x00000006d1500000, 0x00000006d1500000|100%| E|CS|TS  0|AC  0|TAMS 0x00000006d1400000, 0x00000006d1400000|
| 269|0x00000006d1500000, 0x00000006d1600000, 0x00000006d1600000|100%| E|CS|TS  0|AC  0|TAMS 0x00000006d1500000, 0x00000006d1500000|
| 270|0x00000006d1600000, 0x00000006d1700000, 0x00000006d1700000|100%| E|CS|TS  0|AC  0|TAMS 0x00000006d1600000, 0x00000006d1600000|
| 271|0x00000006d1700000, 0x00000006d1800000, 0x00000006d1800000|100%| E|CS|TS  0|AC  0|TAMS 0x00000006d1700000, 0x00000006d1700000|
| 272|0x00000006d1800000, 0x00000006d1900000, 0x00000006d1900000|100%| E|CS|TS  0|AC  0|TAMS 0x00000006d1800000, 0x00000006d1800000|
| 273|0x00000006d1900000, 0x00000006d1a00000, 0x00000006d1a00000|100%| E|CS|TS  0|AC  0|TAMS 0x00000006d1900000, 0x00000006d1900000|
| 274|0x00000006d1a00000, 0x00000006d1b00000, 0x00000006d1b00000|100%| E|CS|TS  0|AC  0|TAMS 0x00000006d1a00000, 0x00000006d1a00000|
| 275|0x00000006d1b00000, 0x00000006d1c00000, 0x00000006d1c00000|100%| E|CS|TS  0|AC  0|TAMS 0x00000006d1b00000, 0x00000006d1b00000|
| 276|0x00000006d1c00000, 0x00000006d1d00000, 0x00000006d1d00000|100%| E|CS|TS  0|AC  0|TAMS 0x00000006d1c00000, 0x00000006d1c00000|
| 277|0x00000006d1d00000, 0x00000006d1e00000, 0x00000006d1e00000|100%| E|CS|TS  0|AC  0|TAMS 0x00000006d1d00000, 0x00000006d1d00000|
| 278|0x00000006d1e00000, 0x00000006d1f00000, 0x00000006d1f00000|100%| E|CS|TS  0|AC  0|TAMS 0x00000006d1e00000, 0x00000006d1e00000|
| 279|0x00000006d1f00000, 0x00000006d2000000, 0x00000006d2000000|100%| E|CS|TS  0|AC  0|TAMS 0x00000006d1f00000, 0x00000006d1f00000|
| 280|0x00000006d2000000, 0x00000006d2100000, 0x00000006d2100000|100%| E|CS|TS  0|AC  0|TAMS 0x00000006d2000000, 0x00000006d2000000|
| 281|0x00000006d2100000, 0x00000006d2200000, 0x00000006d2200000|100%| E|CS|TS  0|AC  0|TAMS 0x00000006d2100000, 0x00000006d2100000|
| 282|0x00000006d2200000, 0x00000006d2300000, 0x00000006d2300000|100%| E|CS|TS  0|AC  0|TAMS 0x00000006d2200000, 0x00000006d2200000|
| 283|0x00000006d2300000, 0x00000006d2400000, 0x00000006d2400000|100%| E|CS|TS  0|AC  0|TAMS 0x00000006d2300000, 0x00000006d2300000|
| 284|0x00000006d2400000, 0x00000006d2500000, 0x00000006d2500000|100%| E|CS|TS  0|AC  0|TAMS 0x00000006d2400000, 0x00000006d2400000|
| 285|0x00000006d2500000, 0x00000006d2600000, 0x00000006d2600000|100%| E|CS|TS  0|AC  0|TAMS 0x00000006d2500000, 0x00000006d2500000|
| 286|0x00000006d2600000, 0x00000006d2700000, 0x00000006d2700000|100%| E|CS|TS  0|AC  0|TAMS 0x00000006d2600000, 0x00000006d2600000|
| 287|0x00000006d2700000, 0x00000006d2800000, 0x00000006d2800000|100%| E|CS|TS  0|AC  0|TAMS 0x00000006d2700000, 0x00000006d2700000|
| 288|0x00000006d2800000, 0x00000006d2900000, 0x00000006d2900000|100%| E|CS|TS  0|AC  0|TAMS 0x00000006d2800000, 0x00000006d2800000|
| 289|0x00000006d2900000, 0x00000006d2a00000, 0x00000006d2a00000|100%| E|CS|TS  0|AC  0|TAMS 0x00000006d2900000, 0x00000006d2900000|
| 290|0x00000006d2a00000, 0x00000006d2b00000, 0x00000006d2b00000|100%| E|CS|TS  0|AC  0|TAMS 0x00000006d2a00000, 0x00000006d2a00000|
| 291|0x00000006d2b00000, 0x00000006d2c00000, 0x00000006d2c00000|100%| E|CS|TS  0|AC  0|TAMS 0x00000006d2b00000, 0x00000006d2b00000|
| 292|0x00000006d2c00000, 0x00000006d2d00000, 0x00000006d2d00000|100%| E|CS|TS  0|AC  0|TAMS 0x00000006d2c00000, 0x00000006d2c00000|
| 293|0x00000006d2d00000, 0x00000006d2e00000, 0x00000006d2e00000|100%| E|CS|TS  0|AC  0|TAMS 0x00000006d2d00000, 0x00000006d2d00000|
| 294|0x00000006d2e00000, 0x00000006d2f00000, 0x00000006d2f00000|100%| E|CS|TS  0|AC  0|TAMS 0x00000006d2e00000, 0x00000006d2e00000|
| 295|0x00000006d2f00000, 0x00000006d3000000, 0x00000006d3000000|100%| E|CS|TS  0|AC  0|TAMS 0x00000006d2f00000, 0x00000006d2f00000|
| 296|0x00000006d3000000, 0x00000006d3100000, 0x00000006d3100000|100%| E|CS|TS  0|AC  0|TAMS 0x00000006d3000000, 0x00000006d3000000|
| 297|0x00000006d3100000, 0x00000006d3200000, 0x00000006d3200000|100%| E|CS|TS  0|AC  0|TAMS 0x00000006d3100000, 0x00000006d3100000|
| 298|0x00000006d3200000, 0x00000006d3300000, 0x00000006d3300000|100%| E|CS|TS  0|AC  0|TAMS 0x00000006d3200000, 0x00000006d3200000|
| 299|0x00000006d3300000, 0x00000006d3400000, 0x00000006d3400000|100%| E|CS|TS  0|AC  0|TAMS 0x00000006d3300000, 0x00000006d3300000|
| 300|0x00000006d3400000, 0x00000006d3500000, 0x00000006d3500000|100%| E|CS|TS  0|AC  0|TAMS 0x00000006d3400000, 0x00000006d3400000|
| 301|0x00000006d3500000, 0x00000006d3600000, 0x00000006d3600000|100%| E|CS|TS  0|AC  0|TAMS 0x00000006d3500000, 0x00000006d3500000|
| 302|0x00000006d3600000, 0x00000006d3700000, 0x00000006d3700000|100%| E|CS|TS  0|AC  0|TAMS 0x00000006d3600000, 0x00000006d3600000|
| 303|0x00000006d3700000, 0x00000006d3800000, 0x00000006d3800000|100%| E|CS|TS  0|AC  0|TAMS 0x00000006d3700000, 0x00000006d3700000|
| 304|0x00000006d3800000, 0x00000006d3900000, 0x00000006d3900000|100%| E|CS|TS  0|AC  0|TAMS 0x00000006d3800000, 0x00000006d3800000|
| 305|0x00000006d3900000, 0x00000006d3a00000, 0x00000006d3a00000|100%| E|CS|TS  0|AC  0|TAMS 0x00000006d3900000, 0x00000006d3900000|
| 306|0x00000006d3a00000, 0x00000006d3b00000, 0x00000006d3b00000|100%| E|CS|TS  0|AC  0|TAMS 0x00000006d3a00000, 0x00000006d3a00000|
| 307|0x00000006d3b00000, 0x00000006d3c00000, 0x00000006d3c00000|100%| E|CS|TS  0|AC  0|TAMS 0x00000006d3b00000, 0x00000006d3b00000|
| 308|0x00000006d3c00000, 0x00000006d3d00000, 0x00000006d3d00000|100%| E|CS|TS  0|AC  0|TAMS 0x00000006d3c00000, 0x00000006d3c00000|
| 309|0x00000006d3d00000, 0x00000006d3e00000, 0x00000006d3e00000|100%| E|CS|TS  0|AC  0|TAMS 0x00000006d3d00000, 0x00000006d3d00000|
| 310|0x00000006d3e00000, 0x00000006d3f00000, 0x00000006d3f00000|100%| E|CS|TS  0|AC  0|TAMS 0x00000006d3e00000, 0x00000006d3e00000|
| 311|0x00000006d3f00000, 0x00000006d4000000, 0x00000006d4000000|100%| E|CS|TS  0|AC  0|TAMS 0x00000006d3f00000, 0x00000006d3f00000|
| 312|0x00000006d4000000, 0x00000006d4100000, 0x00000006d4100000|100%| E|CS|TS  0|AC  0|TAMS 0x00000006d4000000, 0x00000006d4000000|
| 313|0x00000006d4100000, 0x00000006d4200000, 0x00000006d4200000|100%| E|CS|TS  0|AC  0|TAMS 0x00000006d4100000, 0x00000006d4100000|
| 314|0x00000006d4200000, 0x00000006d4300000, 0x00000006d4300000|100%| E|CS|TS  0|AC  0|TAMS 0x00000006d4200000, 0x00000006d4200000|
| 315|0x00000006d4300000, 0x00000006d4400000, 0x00000006d4400000|100%| E|CS|TS  0|AC  0|TAMS 0x00000006d4300000, 0x00000006d4300000|
| 316|0x00000006d4400000, 0x00000006d4500000, 0x00000006d4500000|100%| E|CS|TS  0|AC  0|TAMS 0x00000006d4400000, 0x00000006d4400000|
| 317|0x00000006d4500000, 0x00000006d4600000, 0x00000006d4600000|100%| E|CS|TS  0|AC  0|TAMS 0x00000006d4500000, 0x00000006d4500000|
| 318|0x00000006d4600000, 0x00000006d4700000, 0x00000006d4700000|100%| E|CS|TS  0|AC  0|TAMS 0x00000006d4600000, 0x00000006d4600000|
| 319|0x00000006d4700000, 0x00000006d4800000, 0x00000006d4800000|100%| E|CS|TS  0|AC  0|TAMS 0x00000006d4700000, 0x00000006d4700000|
| 320|0x00000006d4800000, 0x00000006d4900000, 0x00000006d4900000|100%| E|CS|TS  0|AC  0|TAMS 0x00000006d4800000, 0x00000006d4800000|
| 321|0x00000006d4900000, 0x00000006d4a00000, 0x00000006d4a00000|100%| E|CS|TS  0|AC  0|TAMS 0x00000006d4900000, 0x00000006d4900000|
| 322|0x00000006d4a00000, 0x00000006d4b00000, 0x00000006d4b00000|100%| E|CS|TS  0|AC  0|TAMS 0x00000006d4a00000, 0x00000006d4a00000|
| 323|0x00000006d4b00000, 0x00000006d4c00000, 0x00000006d4c00000|100%| E|CS|TS  0|AC  0|TAMS 0x00000006d4b00000, 0x00000006d4b00000|
| 324|0x00000006d4c00000, 0x00000006d4d00000, 0x00000006d4d00000|100%| E|CS|TS  0|AC  0|TAMS 0x00000006d4c00000, 0x00000006d4c00000|
| 325|0x00000006d4d00000, 0x00000006d4e00000, 0x00000006d4e00000|100%| E|CS|TS  0|AC  0|TAMS 0x00000006d4d00000, 0x00000006d4d00000|
| 326|0x00000006d4e00000, 0x00000006d4f00000, 0x00000006d4f00000|100%| E|CS|TS  0|AC  0|TAMS 0x00000006d4e00000, 0x00000006d4e00000|
| 327|0x00000006d4f00000, 0x00000006d5000000, 0x00000006d5000000|100%| E|CS|TS  0|AC  0|TAMS 0x00000006d4f00000, 0x00000006d4f00000|
| 328|0x00000006d5000000, 0x00000006d5100000, 0x00000006d5100000|100%| E|CS|TS  0|AC  0|TAMS 0x00000006d5000000, 0x00000006d5000000|
| 329|0x00000006d5100000, 0x00000006d5200000, 0x00000006d5200000|100%| E|CS|TS  0|AC  0|TAMS 0x00000006d5100000, 0x00000006d5100000|
| 330|0x00000006d5200000, 0x00000006d5300000, 0x00000006d5300000|100%| E|CS|TS  0|AC  0|TAMS 0x00000006d5200000, 0x00000006d5200000|
| 331|0x00000006d5300000, 0x00000006d5400000, 0x00000006d5400000|100%| E|CS|TS  0|AC  0|TAMS 0x00000006d5300000, 0x00000006d5300000|
| 332|0x00000006d5400000, 0x00000006d5500000, 0x00000006d5500000|100%| E|CS|TS  0|AC  0|TAMS 0x00000006d5400000, 0x00000006d5400000|
| 333|0x00000006d5500000, 0x00000006d5600000, 0x00000006d5600000|100%| E|CS|TS  0|AC  0|TAMS 0x00000006d5500000, 0x00000006d5500000|
| 334|0x00000006d5600000, 0x00000006d5700000, 0x00000006d5700000|100%| E|CS|TS  0|AC  0|TAMS 0x00000006d5600000, 0x00000006d5600000|
| 335|0x00000006d5700000, 0x00000006d5800000, 0x00000006d5800000|100%| E|CS|TS  0|AC  0|TAMS 0x00000006d5700000, 0x00000006d5700000|
| 336|0x00000006d5800000, 0x00000006d5900000, 0x00000006d5900000|100%| E|CS|TS  0|AC  0|TAMS 0x00000006d5800000, 0x00000006d5800000|
| 337|0x00000006d5900000, 0x00000006d5a00000, 0x00000006d5a00000|100%| E|CS|TS  0|AC  0|TAMS 0x00000006d5900000, 0x00000006d5900000|
| 338|0x00000006d5a00000, 0x00000006d5b00000, 0x00000006d5b00000|100%| E|CS|TS  0|AC  0|TAMS 0x00000006d5a00000, 0x00000006d5a00000|
| 339|0x00000006d5b00000, 0x00000006d5c00000, 0x00000006d5c00000|100%| E|CS|TS  0|AC  0|TAMS 0x00000006d5b00000, 0x00000006d5b00000|
| 340|0x00000006d5c00000, 0x00000006d5d00000, 0x00000006d5d00000|100%| E|CS|TS  0|AC  0|TAMS 0x00000006d5c00000, 0x00000006d5c00000|
| 341|0x00000006d5d00000, 0x00000006d5e00000, 0x00000006d5e00000|100%| E|CS|TS  0|AC  0|TAMS 0x00000006d5d00000, 0x00000006d5d00000|
| 342|0x00000006d5e00000, 0x00000006d5f00000, 0x00000006d5f00000|100%| E|CS|TS  0|AC  0|TAMS 0x00000006d5e00000, 0x00000006d5e00000|
| 343|0x00000006d5f00000, 0x00000006d6000000, 0x00000006d6000000|100%| E|CS|TS  0|AC  0|TAMS 0x00000006d5f00000, 0x00000006d5f00000|
| 344|0x00000006d6000000, 0x00000006d6100000, 0x00000006d6100000|100%| E|CS|TS  0|AC  0|TAMS 0x00000006d6000000, 0x00000006d6000000|
| 345|0x00000006d6100000, 0x00000006d6200000, 0x00000006d6200000|100%| E|CS|TS  0|AC  0|TAMS 0x00000006d6100000, 0x00000006d6100000|
| 346|0x00000006d6200000, 0x00000006d6300000, 0x00000006d6300000|100%| E|CS|TS  0|AC  0|TAMS 0x00000006d6200000, 0x00000006d6200000|
| 347|0x00000006d6300000, 0x00000006d6400000, 0x00000006d6400000|100%| E|CS|TS  0|AC  0|TAMS 0x00000006d6300000, 0x00000006d6300000|
| 348|0x00000006d6400000, 0x00000006d6500000, 0x00000006d6500000|100%| E|CS|TS  0|AC  0|TAMS 0x00000006d6400000, 0x00000006d6400000|
| 349|0x00000006d6500000, 0x00000006d6600000, 0x00000006d6600000|100%| E|CS|TS  0|AC  0|TAMS 0x00000006d6500000, 0x00000006d6500000|
| 350|0x00000006d6600000, 0x00000006d6700000, 0x00000006d6700000|100%| E|CS|TS  0|AC  0|TAMS 0x00000006d6600000, 0x00000006d6600000|
| 351|0x00000006d6700000, 0x00000006d6800000, 0x00000006d6800000|100%| E|CS|TS  0|AC  0|TAMS 0x00000006d6700000, 0x00000006d6700000|
| 352|0x00000006d6800000, 0x00000006d6900000, 0x00000006d6900000|100%| E|CS|TS  0|AC  0|TAMS 0x00000006d6800000, 0x00000006d6800000|
| 353|0x00000006d6900000, 0x00000006d6a00000, 0x00000006d6a00000|100%| E|CS|TS  0|AC  0|TAMS 0x00000006d6900000, 0x00000006d6900000|
| 354|0x00000006d6a00000, 0x00000006d6b00000, 0x00000006d6b00000|100%| E|CS|TS  0|AC  0|TAMS 0x00000006d6a00000, 0x00000006d6a00000|
| 355|0x00000006d6b00000, 0x00000006d6c00000, 0x00000006d6c00000|100%| E|CS|TS  0|AC  0|TAMS 0x00000006d6b00000, 0x00000006d6b00000|
| 356|0x00000006d6c00000, 0x00000006d6d00000, 0x00000006d6d00000|100%| E|CS|TS  0|AC  0|TAMS 0x00000006d6c00000, 0x00000006d6c00000|
| 357|0x00000006d6d00000, 0x00000006d6e00000, 0x00000006d6e00000|100%| E|CS|TS  0|AC  0|TAMS 0x00000006d6d00000, 0x00000006d6d00000|
| 358|0x00000006d6e00000, 0x00000006d6f00000, 0x00000006d6f00000|100%| E|CS|TS  0|AC  0|TAMS 0x00000006d6e00000, 0x00000006d6e00000|
| 359|0x00000006d6f00000, 0x00000006d7000000, 0x00000006d7000000|100%| E|CS|TS  0|AC  0|TAMS 0x00000006d6f00000, 0x00000006d6f00000|
| 360|0x00000006d7000000, 0x00000006d7100000, 0x00000006d7100000|100%| E|CS|TS  0|AC  0|TAMS 0x00000006d7000000, 0x00000006d7000000|
| 361|0x00000006d7100000, 0x00000006d7200000, 0x00000006d7200000|100%| E|CS|TS  0|AC  0|TAMS 0x00000006d7100000, 0x00000006d7100000|
| 362|0x00000006d7200000, 0x00000006d7300000, 0x00000006d7300000|100%| E|CS|TS  0|AC  0|TAMS 0x00000006d7200000, 0x00000006d7200000|
| 363|0x00000006d7300000, 0x00000006d7400000, 0x00000006d7400000|100%| E|CS|TS  0|AC  0|TAMS 0x00000006d7300000, 0x00000006d7300000|
| 364|0x00000006d7400000, 0x00000006d7500000, 0x00000006d7500000|100%| E|CS|TS  0|AC  0|TAMS 0x00000006d7400000, 0x00000006d7400000|
| 365|0x00000006d7500000, 0x00000006d7600000, 0x00000006d7600000|100%| E|CS|TS  0|AC  0|TAMS 0x00000006d7500000, 0x00000006d7500000|
| 366|0x00000006d7600000, 0x00000006d7700000, 0x00000006d7700000|100%| E|CS|TS  0|AC  0|TAMS 0x00000006d7600000, 0x00000006d7600000|
| 367|0x00000006d7700000, 0x00000006d7800000, 0x00000006d7800000|100%| E|CS|TS  0|AC  0|TAMS 0x00000006d7700000, 0x00000006d7700000|
| 368|0x00000006d7800000, 0x00000006d7900000, 0x00000006d7900000|100%| E|CS|TS  0|AC  0|TAMS 0x00000006d7800000, 0x00000006d7800000|
| 369|0x00000006d7900000, 0x00000006d7a00000, 0x00000006d7a00000|100%| E|CS|TS  0|AC  0|TAMS 0x00000006d7900000, 0x00000006d7900000|
| 370|0x00000006d7a00000, 0x00000006d7b00000, 0x00000006d7b00000|100%| E|CS|TS  0|AC  0|TAMS 0x00000006d7a00000, 0x00000006d7a00000|
| 371|0x00000006d7b00000, 0x00000006d7c00000, 0x00000006d7c00000|100%| E|CS|TS  0|AC  0|TAMS 0x00000006d7b00000, 0x00000006d7b00000|
| 372|0x00000006d7c00000, 0x00000006d7d00000, 0x00000006d7d00000|100%| E|CS|TS  0|AC  0|TAMS 0x00000006d7c00000, 0x00000006d7c00000|
| 373|0x00000006d7d00000, 0x00000006d7e00000, 0x00000006d7e00000|100%| E|CS|TS  0|AC  0|TAMS 0x00000006d7d00000, 0x00000006d7d00000|
| 374|0x00000006d7e00000, 0x00000006d7f00000, 0x00000006d7f00000|100%| E|CS|TS  0|AC  0|TAMS 0x00000006d7e00000, 0x00000006d7e00000|
| 375|0x00000006d7f00000, 0x00000006d8000000, 0x00000006d8000000|100%| E|CS|TS  0|AC  0|TAMS 0x00000006d7f00000, 0x00000006d7f00000|
| 376|0x00000006d8000000, 0x00000006d8100000, 0x00000006d8100000|100%| E|CS|TS  0|AC  0|TAMS 0x00000006d8000000, 0x00000006d8000000|
| 377|0x00000006d8100000, 0x00000006d8200000, 0x00000006d8200000|100%| E|CS|TS  0|AC  0|TAMS 0x00000006d8100000, 0x00000006d8100000|
| 378|0x00000006d8200000, 0x00000006d8300000, 0x00000006d8300000|100%| E|CS|TS  0|AC  0|TAMS 0x00000006d8200000, 0x00000006d8200000|
| 379|0x00000006d8300000, 0x00000006d8400000, 0x00000006d8400000|100%| E|CS|TS  0|AC  0|TAMS 0x00000006d8300000, 0x00000006d8300000|
| 380|0x00000006d8400000, 0x00000006d8500000, 0x00000006d8500000|100%| E|CS|TS  0|AC  0|TAMS 0x00000006d8400000, 0x00000006d8400000|
| 381|0x00000006d8500000, 0x00000006d8600000, 0x00000006d8600000|100%| E|CS|TS  0|AC  0|TAMS 0x00000006d8500000, 0x00000006d8500000|
| 382|0x00000006d8600000, 0x00000006d8700000, 0x00000006d8700000|100%| E|CS|TS  0|AC  0|TAMS 0x00000006d8600000, 0x00000006d8600000|
| 383|0x00000006d8700000, 0x00000006d8800000, 0x00000006d8800000|100%| E|CS|TS  0|AC  0|TAMS 0x00000006d8700000, 0x00000006d8700000|
| 384|0x00000006d8800000, 0x00000006d8900000, 0x00000006d8900000|100%| E|CS|TS  0|AC  0|TAMS 0x00000006d8800000, 0x00000006d8800000|
| 385|0x00000006d8900000, 0x00000006d8a00000, 0x00000006d8a00000|100%| E|CS|TS  0|AC  0|TAMS 0x00000006d8900000, 0x00000006d8900000|
| 386|0x00000006d8a00000, 0x00000006d8b00000, 0x00000006d8b00000|100%| O|  |TS  0|AC  0|TAMS 0x00000006d8b00000, 0x00000006d8b00000|

Card table byte_map: [0x000001c767f20000,0x000001c768720000] byte_map_base: 0x000001c76491c000

Marking Bits (Prev, Next): (CMBitMap*) 0x000001c74af97840, (CMBitMap*) 0x000001c74af97878
 Prev Bits: [0x000001c768f20000, 0x000001c76cf00000)
 Next Bits: [0x000001c76cf00000, 0x000001c770ee0000)

Polling page: 0x000001c74ace0000

CodeHeap 'non-profiled nmethods': size=120000Kb used=20229Kb max_used=21933Kb free=99770Kb
 bounds [0x000001c75f570000, 0x000001c760b20000, 0x000001c766aa0000]
CodeHeap 'profiled nmethods': size=120000Kb used=33739Kb max_used=37400Kb free=86260Kb
 bounds [0x000001c758040000, 0x000001c75a520000, 0x000001c75f570000]
CodeHeap 'non-nmethods': size=5760Kb used=1464Kb max_used=1539Kb free=4295Kb
 bounds [0x000001c757aa0000, 0x000001c757d10000, 0x000001c758040000]
 total_blobs=29841 nmethods=12914 adapters=862
 compilation: enabled

Compilation events (10 events):
Event: 4306.116 Thread 0x000001c7745de800 nmethod 19074 0x000001c75fc9a790 code [0x000001c75fc9a940, 0x000001c75fc9aa68]
Event: 4306.120 Thread 0x000001c7745e0000 19075       3       sun.util.calendar.CalendarUtils::sprintf0d (93 bytes)
Event: 4306.121 Thread 0x000001c7745e0000 nmethod 19075 0x000001c758617c10 code [0x000001c758617e20, 0x000001c7586183b0]
Event: 4306.121 Thread 0x000001c7745e0000 19076   !   3       java.nio.charset.CharsetEncoder::encode (285 bytes)
Event: 4306.122 Thread 0x000001c7745e0000 nmethod 19076 0x000001c758d9f990 code [0x000001c758d9fcc0, 0x000001c758da1060]
Event: 4306.125 Thread 0x000001c7745e0000 19077       3       sun.nio.cs.StreamEncoder::ensureOpen (18 bytes)
Event: 4306.125 Thread 0x000001c7745e0000 nmethod 19077 0x000001c7581ef890 code [0x000001c7581efa60, 0x000001c7581efcd0]
Event: 4306.132 Thread 0x000001c7745e0000 19078       3       java.nio.ByteBuffer::array (35 bytes)
Event: 4306.132 Thread 0x000001c7745e0000 nmethod 19078 0x000001c7582bd410 code [0x000001c7582bd600, 0x000001c7582bd920]
Event: 4306.135 Thread 0x000001c7745db800 19079   !   4       aq::jj (1146 bytes)

GC Heap History (10 events):
Event: 4258.942 GC heap before
{Heap before GC invocations=1264 (full 0):
 garbage-first heap   total 396288K, used 158362K [0x00000006c0800000, 0x00000007c0000000)
  region size 1024K, 19 young (19456K), 1 survivors (1024K)
 Metaspace       used 64648K, capacity 65938K, committed 66768K, reserved 1110016K
  class space    used 6081K, capacity 6579K, committed 6864K, reserved 1048576K
}
Event: 4258.943 GC heap after
{Heap after GC invocations=1265 (full 0):
 garbage-first heap   total 396288K, used 137864K [0x00000006c0800000, 0x00000007c0000000)
  region size 1024K, 1 young (1024K), 1 survivors (1024K)
 Metaspace       used 64648K, capacity 65938K, committed 66768K, reserved 1110016K
  class space    used 6081K, capacity 6579K, committed 6864K, reserved 1048576K
}
Event: 4266.141 GC heap before
{Heap before GC invocations=1265 (full 0):
 garbage-first heap   total 396288K, used 335496K [0x00000006c0800000, 0x00000007c0000000)
  region size 1024K, 194 young (198656K), 1 survivors (1024K)
 Metaspace       used 64662K, capacity 65938K, committed 66768K, reserved 1110016K
  class space    used 6082K, capacity 6579K, committed 6864K, reserved 1048576K
}
Event: 4266.148 GC heap after
{Heap after GC invocations=1266 (full 0):
 garbage-first heap   total 396288K, used 163654K [0x00000006c0800000, 0x00000007c0000000)
  region size 1024K, 25 young (25600K), 25 survivors (25600K)
 Metaspace       used 64662K, capacity 65938K, committed 66768K, reserved 1110016K
  class space    used 6082K, capacity 6579K, committed 6864K, reserved 1048576K
}
Event: 4277.158 GC heap before
{Heap before GC invocations=1267 (full 0):
 garbage-first heap   total 396288K, used 315206K [0x00000006c0800000, 0x00000007c0000000)
  region size 1024K, 180 young (184320K), 25 survivors (25600K)
 Metaspace       used 64668K, capacity 65938K, committed 66768K, reserved 1110016K
  class space    used 6082K, capacity 6579K, committed 6864K, reserved 1048576K
}
Event: 4277.163 GC heap after
{Heap after GC invocations=1268 (full 0):
 garbage-first heap   total 396288K, used 154586K [0x00000006c0800000, 0x00000007c0000000)
  region size 1024K, 23 young (23552K), 23 survivors (23552K)
 Metaspace       used 64668K, capacity 65938K, committed 66768K, reserved 1110016K
  class space    used 6082K, capacity 6579K, committed 6864K, reserved 1048576K
}
Event: 4277.169 GC heap before
{Heap before GC invocations=1268 (full 0):
 garbage-first heap   total 396288K, used 155610K [0x00000006c0800000, 0x00000007c0000000)
  region size 1024K, 24 young (24576K), 23 survivors (23552K)
 Metaspace       used 64668K, capacity 65938K, committed 66768K, reserved 1110016K
  class space    used 6082K, capacity 6579K, committed 6864K, reserved 1048576K
}
Event: 4277.174 GC heap after
{Heap after GC invocations=1269 (full 0):
 garbage-first heap   total 396288K, used 138787K [0x00000006c0800000, 0x00000007c0000000)
  region size 1024K, 3 young (3072K), 3 survivors (3072K)
 Metaspace       used 64668K, capacity 65938K, committed 66768K, reserved 1110016K
  class space    used 6082K, capacity 6579K, committed 6864K, reserved 1048576K
}
Event: 4291.717 GC heap before
{Heap before GC invocations=1269 (full 0):
 garbage-first heap   total 396288K, used 309795K [0x00000006c0800000, 0x00000007c0000000)
  region size 1024K, 170 young (174080K), 3 survivors (3072K)
 Metaspace       used 64671K, capacity 65938K, committed 66768K, reserved 1110016K
  class space    used 6082K, capacity 6579K, committed 6864K, reserved 1048576K
}
Event: 4291.720 GC heap after
{Heap after GC invocations=1270 (full 0):
 garbage-first heap   total 396288K, used 140118K [0x00000006c0800000, 0x00000007c0000000)
  region size 1024K, 5 young (5120K), 5 survivors (5120K)
 Metaspace       used 64671K, capacity 65938K, committed 66768K, reserved 1110016K
  class space    used 6082K, capacity 6579K, committed 6864K, reserved 1048576K
}

Deoptimization events (10 events):
Event: 4091.800 Thread 0x000001c776616800 Uncommon trap: reason=unstable_if action=reinterpret pc=0x000001c7601d53c8 method=net.runelite.client.plugins.itemstats.potions.SuperRestore.lambda$calculate$0(Lnet/runelite/api/Client;Lnet/runelite/client/plugins/itemstats/stats/Stat;)Z @ 10 c2
Event: 4091.800 Thread 0x000001c776616800 Uncommon trap: reason=bimorphic_or_optimized_type_check action=maybe_recompile pc=0x000001c75fd67004 method=java.util.Comparator.lambda$comparing$77a9974f$1(Ljava/util/function/Function;Ljava/lang/Object;Ljava/lang/Object;)I @ 2 c2
Event: 4091.800 Thread 0x000001c776616800 Uncommon trap: reason=bimorphic_or_optimized_type_check action=maybe_recompile pc=0x000001c75fd67004 method=java.util.Comparator.lambda$comparing$77a9974f$1(Ljava/util/function/Function;Ljava/lang/Object;Ljava/lang/Object;)I @ 2 c2
Event: 4091.800 Thread 0x000001c776616800 Uncommon trap: reason=bimorphic_or_optimized_type_check action=maybe_recompile pc=0x000001c75fd67004 method=java.util.Comparator.lambda$comparing$77a9974f$1(Ljava/util/function/Function;Ljava/lang/Object;Ljava/lang/Object;)I @ 2 c2
Event: 4091.800 Thread 0x000001c776616800 Uncommon trap: reason=bimorphic_or_optimized_type_check action=maybe_recompile pc=0x000001c75fd67004 method=java.util.Comparator.lambda$comparing$77a9974f$1(Ljava/util/function/Function;Ljava/lang/Object;Ljava/lang/Object;)I @ 2 c2
Event: 4096.309 Thread 0x000001c776616800 Uncommon trap: reason=class_check action=maybe_recompile pc=0x000001c75fc2cdd4 method=jh.r(Lkm;I)Ljx; @ 33 c2
Event: 4129.184 Thread 0x000001c776616800 Uncommon trap: reason=unstable_if action=reinterpret pc=0x000001c75fd75278 method=java.text.DigitList.round(IZZ)V @ 71 c2
Event: 4153.794 Thread 0x000001c776616800 Uncommon trap: reason=null_check action=make_not_entrant pc=0x000001c7605783c0 method=aw.hk(Lfl;S)V @ 2698 c2
Event: 4184.590 Thread 0x000001c776616800 Uncommon trap: reason=unstable_if action=reinterpret pc=0x000001c76095cfbc method=net.runelite.client.plugins.boosts.BoostsOverlay.render(Ljava/awt/Graphics2D;)Ljava/awt/Dimension; @ 178 c2
Event: 4277.165 Thread 0x000001c776616800 Uncommon trap: reason=unstable_if action=reinterpret pc=0x000001c75fcbfcf8 method=net.runelite.client.plugins.roguesden.RoguesDenPlugin.hasGem()Z @ 14 c2

Classes redefined (0 events):
No events

Internal exceptions (10 events):
Event: 4278.827 Thread 0x000001c776616800 Exception <a 'java/lang/NullPointerException'{0x00000006d632f930}> (0x00000006d632f930) thrown at [t:/workspace/open/src/hotspot/share/runtime/sharedRuntime.cpp, line 600]
Event: 4286.025 Thread 0x000001c776616800 Implicit null exception at 0x000001c758455eb2 to 0x000001c758455f4b
Event: 4286.025 Thread 0x000001c776616800 Exception <a 'java/lang/NullPointerException'{0x00000006d1e4de28}> (0x00000006d1e4de28) thrown at [t:/workspace/open/src/hotspot/share/runtime/sharedRuntime.cpp, line 600]
Event: 4291.445 Thread 0x000001c776616800 Implicit null exception at 0x000001c758455eb2 to 0x000001c758455f4b
Event: 4291.445 Thread 0x000001c776616800 Exception <a 'java/lang/NullPointerException'{0x00000006ce447fd0}> (0x00000006ce447fd0) thrown at [t:/workspace/open/src/hotspot/share/runtime/sharedRuntime.cpp, line 600]
Event: 4296.867 Thread 0x000001c776616800 Implicit null exception at 0x000001c758455eb2 to 0x000001c758455f4b
Event: 4296.867 Thread 0x000001c776616800 Exception <a 'java/lang/NullPointerException'{0x00000006d58920b8}> (0x00000006d58920b8) thrown at [t:/workspace/open/src/hotspot/share/runtime/sharedRuntime.cpp, line 600]
Event: 4300.466 Thread 0x000001c776616800 Implicit null exception at 0x000001c758455eb2 to 0x000001c758455f4b
Event: 4300.466 Thread 0x000001c776616800 Exception <a 'java/lang/NullPointerException'{0x00000006d39a1a28}> (0x00000006d39a1a28) thrown at [t:/workspace/open/src/hotspot/share/runtime/sharedRuntime.cpp, line 600]
Event: 4302.905 Thread 0x000001c776619800 Exception <a 'java/net/SocketException'{0x00000006d2300838}: Socket closed> (0x00000006d2300838) thrown at [t:/workspace/open/src/hotspot/share/prims/jni.cpp, line 632]

Events (10 events):
Event: 4302.905 Thread 0x000001c77661d000 Thread exited: 0x000001c77661d000
Event: 4302.905 Thread 0x000001c776619800 Thread exited: 0x000001c776619800
Event: 4303.126 Executing VM operation: RevokeBias
Event: 4303.126 Executing VM operation: RevokeBias done
Event: 4303.126 Executing VM operation: RevokeBias
Event: 4303.126 Executing VM operation: RevokeBias done
Event: 4303.126 Thread 0x000001c77661d000 Thread added: 0x000001c77661d000
Event: 4303.126 Thread 0x000001c776619800 Thread added: 0x000001c776619800
Event: 4306.157 Thread 0x000001c776616800 DEOPT PACKING pc=0x000001c759307406 sp=0x000000ab0dbfe8b0
Event: 4306.157 Thread 0x000001c776616800 DEOPT UNPACKING pc=0x000001c757ac88ce sp=0x000000ab0dbfde40 mode 0


Dynamic libraries:
0x00007ff6a9860000 - 0x00007ff6a989e000 	C:\Program Files\Java\jdk-10.0.1\bin\java.exe
0x00007ff889bb0000 - 0x00007ff889d91000 	C:\Windows\SYSTEM32\ntdll.dll
0x00007ff8890b0000 - 0x00007ff889162000 	C:\Windows\System32\KERNEL32.DLL
0x00007ff886440000 - 0x00007ff8866b3000 	C:\Windows\System32\KERNELBASE.dll
0x00007ff889000000 - 0x00007ff8890a1000 	C:\Windows\System32\ADVAPI32.dll
0x00007ff888f60000 - 0x00007ff888ffe000 	C:\Windows\System32\msvcrt.dll
0x00007ff887060000 - 0x00007ff8870bb000 	C:\Windows\System32\sechost.dll
0x00007ff887890000 - 0x00007ff8879b4000 	C:\Windows\System32\RPCRT4.dll
0x00007ff8893d0000 - 0x00007ff889560000 	C:\Windows\System32\USER32.dll
0x00007ff886ed0000 - 0x00007ff886ef0000 	C:\Windows\System32\win32u.dll
0x00007ff887440000 - 0x00007ff887468000 	C:\Windows\System32\GDI32.dll
0x00007ff886030000 - 0x00007ff8861c2000 	C:\Windows\System32\gdi32full.dll
0x00007ff886f50000 - 0x00007ff886fef000 	C:\Windows\System32\msvcp_win.dll
0x00007ff886dd0000 - 0x00007ff886eca000 	C:\Windows\System32\ucrtbase.dll
0x00007ff876940000 - 0x00007ff876ba9000 	C:\Windows\WinSxS\amd64_microsoft.windows.common-controls_6595b64144ccf1df_6.0.17134.112_none_fb3f961b30681c12\COMCTL32.dll
0x00007ff8821d0000 - 0x00007ff8821da000 	C:\Windows\SYSTEM32\VERSION.dll
0x00007ff887560000 - 0x00007ff887883000 	C:\Windows\System32\combase.dll
0x00007ff8861d0000 - 0x00007ff88624a000 	C:\Windows\System32\bcryptPrimitives.dll
0x00007ff887410000 - 0x00007ff88743d000 	C:\Windows\System32\IMM32.DLL
0x00007ff86aed0000 - 0x00007ff86afbf000 	C:\Program Files\Java\jdk-10.0.1\bin\msvcr120.dll
0x00007ff86fd30000 - 0x00007ff86fdd6000 	C:\Program Files\Java\jdk-10.0.1\bin\msvcp120.dll
0x00000000584f0000 - 0x0000000058f60000 	C:\Program Files\Java\jdk-10.0.1\bin\server\jvm.dll
0x00007ff8870c0000 - 0x00007ff8870c8000 	C:\Windows\System32\PSAPI.DLL
0x00007ff8796c0000 - 0x00007ff8796e3000 	C:\Windows\SYSTEM32\WINMM.dll
0x00007ff881e20000 - 0x00007ff881e29000 	C:\Windows\SYSTEM32\WSOCK32.dll
0x00007ff889360000 - 0x00007ff8893cc000 	C:\Windows\System32\WS2_32.dll
0x00007ff8795f0000 - 0x00007ff87961a000 	C:\Windows\SYSTEM32\WINMMBASE.dll
0x00007ff886ff0000 - 0x00007ff887039000 	C:\Windows\System32\cfgmgr32.dll
0x00007ff881e40000 - 0x00007ff881e4f000 	C:\Program Files\Java\jdk-10.0.1\bin\verify.dll
0x00007ff880fe0000 - 0x00007ff8811a9000 	C:\Windows\SYSTEM32\DBGHELP.DLL
0x00007ff880c90000 - 0x00007ff880cb9000 	C:\Windows\SYSTEM32\dbgcore.DLL
0x00007ff881d90000 - 0x00007ff881db7000 	C:\Program Files\Java\jdk-10.0.1\bin\java.dll
0x00007ff8805d0000 - 0x00007ff8805fa000 	C:\Program Files\Java\jdk-10.0.1\bin\instrument.dll
0x00007ff881d50000 - 0x00007ff881d66000 	C:\Program Files\Java\jdk-10.0.1\bin\zip.dll
0x00007ff881e10000 - 0x00007ff881e1a000 	C:\Program Files\Java\jdk-10.0.1\bin\jimage.dll
0x00007ff887b20000 - 0x00007ff888f60000 	C:\Windows\System32\SHELL32.dll
0x00007ff889a30000 - 0x00007ff889ad9000 	C:\Windows\System32\shcore.dll
0x00007ff8866c0000 - 0x00007ff886dcd000 	C:\Windows\System32\windows.storage.dll
0x00007ff889170000 - 0x00007ff8891c1000 	C:\Windows\System32\shlwapi.dll
0x00007ff885f60000 - 0x00007ff885f71000 	C:\Windows\System32\kernel.appcore.dll
0x00007ff885f10000 - 0x00007ff885f2f000 	C:\Windows\System32\profapi.dll
0x00007ff885ec0000 - 0x00007ff885f0c000 	C:\Windows\System32\powrprof.dll
0x00007ff885f30000 - 0x00007ff885f3a000 	C:\Windows\System32\FLTLIB.DLL
0x00007ff880610000 - 0x00007ff88062a000 	C:\Program Files\Java\jdk-10.0.1\bin\net.dll
0x00007ff880cc0000 - 0x00007ff880d9d000 	C:\Windows\SYSTEM32\WINHTTP.dll
0x00007ff885740000 - 0x00007ff8857a6000 	C:\Windows\system32\mswsock.dll
0x00007ff87f4c0000 - 0x00007ff87f4d1000 	C:\Program Files\Java\jdk-10.0.1\bin\nio.dll
0x00007ff87e1b0000 - 0x00007ff87e1ca000 	C:\Program Files\JetBrains\IntelliJ IDEA Community Edition 2018.1.5\bin\breakgen64.dll
0x00007ff856de0000 - 0x00007ff856f7b000 	C:\Program Files\Java\jdk-10.0.1\bin\awt.dll
0x00007ff889290000 - 0x00007ff889352000 	C:\Windows\System32\OLEAUT32.dll
0x00007ff882f40000 - 0x00007ff883507000 	C:\Windows\SYSTEM32\d2d1.dll
0x00007ff883d20000 - 0x00007ff883dab000 	C:\Windows\SYSTEM32\apphelp.dll
0x00007ff8858f0000 - 0x00007ff885907000 	C:\Windows\SYSTEM32\CRYPTSP.dll
0x00007ff885320000 - 0x00007ff885353000 	C:\Windows\system32\rsaenh.dll
0x00007ff885a20000 - 0x00007ff885a45000 	C:\Windows\SYSTEM32\bcrypt.dll
0x00007ff885dc0000 - 0x00007ff885de8000 	C:\Windows\SYSTEM32\USERENV.dll
0x00007ff885910000 - 0x00007ff88591b000 	C:\Windows\SYSTEM32\CRYPTBASE.dll
0x00007ff8854c0000 - 0x00007ff8854f8000 	C:\Windows\SYSTEM32\IPHLPAPI.DLL
0x00007ff887250000 - 0x00007ff887258000 	C:\Windows\System32\NSI.dll
0x00007ff8819e0000 - 0x00007ff8819f6000 	C:\Windows\SYSTEM32\dhcpcsvc6.DLL
0x00007ff882120000 - 0x00007ff88213a000 	C:\Windows\SYSTEM32\dhcpcsvc.DLL
0x00007ff884650000 - 0x00007ff884679000 	C:\Windows\system32\DWMAPI.DLL
0x00007ff8844d0000 - 0x00007ff884568000 	C:\Windows\system32\uxtheme.dll
0x00007ff881d00000 - 0x00007ff881d0b000 	C:\Program Files\Java\jdk-10.0.1\bin\sunmscapi.dll
0x00007ff886250000 - 0x00007ff886432000 	C:\Windows\System32\CRYPT32.dll
0x00007ff885f40000 - 0x00007ff885f52000 	C:\Windows\System32\MSASN1.dll
0x00007ff87b120000 - 0x00007ff87b143000 	C:\Program Files\Java\jdk-10.0.1\bin\sunec.dll
0x00007ff885500000 - 0x00007ff8855be000 	C:\Windows\SYSTEM32\DNSAPI.dll
0x00007ff87f730000 - 0x00007ff87f73a000 	C:\Windows\System32\rasadhlp.dll
0x00007ff87e960000 - 0x00007ff87e9d2000 	C:\Windows\System32\fwpuclnt.dll
0x00007ff8870d0000 - 0x00007ff887245000 	C:\Windows\System32\MSCTF.dll
0x00007ff8879c0000 - 0x00007ff887b11000 	C:\Windows\System32\ole32.dll
0x00007ff879850000 - 0x00007ff8798b5000 	C:\Program Files\Java\jdk-10.0.1\bin\fontmanager.dll
0x00007ff86a810000 - 0x00007ff86a930000 	C:\Windows\system32\opengl32.dll
0x00007ff87e440000 - 0x00007ff87e46c000 	C:\Windows\SYSTEM32\GLU32.dll
0x00007ff86ffb0000 - 0x00007ff870147000 	C:\Windows\system32\d3d9.dll
0x00007ff876850000 - 0x00007ff87693b000 	C:\Windows\System32\DriverStore\FileRepository\nv_dispi.inf_amd64_040c7acb04cee565\nvldumdx.dll
0x00007ff886ef0000 - 0x00007ff886f47000 	C:\Windows\System32\WINTRUST.DLL
0x00007ff887040000 - 0x00007ff88705d000 	C:\Windows\System32\imagehlp.dll
0x00007ff842590000 - 0x00007ff8437c8000 	C:\Windows\System32\DriverStore\FileRepository\nv_dispi.inf_amd64_040c7acb04cee565\nvd3dumx.dll
0x00007ff873420000 - 0x00007ff8734e2000 	C:\Program Files (x86)\NVIDIA Corporation\3D Vision\nvSCPAPI64.dll
0x00007ff889560000 - 0x00007ff8899ab000 	C:\Windows\System32\SETUPAPI.dll
0x00007ff861c90000 - 0x00007ff861efa000 	C:\Windows\system32\nvspcap64.dll
0x00007ff884fb0000 - 0x00007ff884fe1000 	C:\Windows\SYSTEM32\ntmarta.dll
0x00007ff884c00000 - 0x00007ff884c22000 	C:\Windows\SYSTEM32\gpapi.dll
0x00007ff8813b0000 - 0x00007ff8813de000 	C:\Windows\SYSTEM32\cryptnet.dll
0x00007ff878b20000 - 0x00007ff878b62000 	C:\Users\Tristan\AppData\Local\Temp\jna-605131353\jna7274273125378659624.dll
0x00007ff86efc0000 - 0x00007ff86f002000 	C:\Program Files\Java\jdk-10.0.1\bin\t2k.dll
0x00007ff86cc20000 - 0x00007ff86ccbb000 	C:\Users\Tristan\AppData\Local\Temp\jna-605131353\jna7155449794121236879.dll
0x00007ff86ddb0000 - 0x00007ff86de2e000 	C:\Program Files\Java\jdk-10.0.1\bin\mlib_image.dll
0x00007ff880700000 - 0x00007ff88070c000 	C:\Program Files\Java\jdk-10.0.1\bin\jsound.dll
0x00007ff8806e0000 - 0x00007ff8806ec000 	C:\Program Files\Java\jdk-10.0.1\bin\jsoundds.dll
0x00007ff861510000 - 0x00007ff86159f000 	C:\Windows\SYSTEM32\DSOUND.dll
0x00007ff889ae0000 - 0x00007ff889b80000 	C:\Windows\System32\clbcatq.dll
0x00007ff880960000 - 0x00007ff8809d6000 	C:\Windows\System32\MMDevApi.dll
0x00007ff885cd0000 - 0x00007ff885cf7000 	C:\Windows\System32\DEVOBJ.dll
0x00007ff8811b0000 - 0x00007ff881364000 	C:\Windows\System32\PROPSYS.dll
0x00007ff86d6c0000 - 0x00007ff86d704000 	C:\Windows\SYSTEM32\wdmaud.drv
0x00007ff847330000 - 0x00007ff847339000 	C:\Windows\SYSTEM32\ksuser.dll
0x00007ff877b50000 - 0x00007ff877b5a000 	C:\Windows\SYSTEM32\AVRT.dll
0x00007ff862820000 - 0x00007ff86294c000 	C:\Windows\SYSTEM32\AUDIOSES.DLL
0x00007ff87ff90000 - 0x00007ff8800dd000 	C:\Windows\SYSTEM32\wintypes.dll
0x00007ff880740000 - 0x00007ff88074d000 	C:\Windows\SYSTEM32\msacm32.drv
0x00007ff87b1e0000 - 0x00007ff87b1fc000 	C:\Windows\SYSTEM32\MSACM32.dll
0x00007ff878b70000 - 0x00007ff878b7a000 	C:\Windows\SYSTEM32\midimap.dll
0x00007ff877200000 - 0x00007ff877314000 	C:\Windows\System32\Windows.UI.dll
0x00007ff877640000 - 0x00007ff8776b9000 	C:\Windows\System32\InputHost.dll
0x00007ff877160000 - 0x00007ff8771f8000 	C:\Windows\System32\TextInputFramework.dll
0x00007ff877320000 - 0x00007ff87763e000 	C:\Windows\System32\CoreUIComponents.dll
0x00007ff883b20000 - 0x00007ff883bfa000 	C:\Windows\System32\CoreMessaging.dll
0x00007ff87a0f0000 - 0x00007ff87a11b000 	C:\Program Files\Java\jdk-10.0.1\bin\javajpeg.dll
0x00007ff879ba0000 - 0x00007ff879bde000 	C:\Program Files\Java\jdk-10.0.1\bin\lcms.dll
0x00007ff884170000 - 0x00007ff88431e000 	C:\Windows\SYSTEM32\WindowsCodecs.dll
0x00007ff869890000 - 0x00007ff8698e8000 	C:\Windows\system32\dataexchange.dll
0x00007ff882c30000 - 0x00007ff882f3b000 	C:\Windows\system32\d3d11.dll
0x00007ff883580000 - 0x00007ff88371c000 	C:\Windows\system32\dcomp.dll
0x00007ff884c80000 - 0x00007ff884d3b000 	C:\Windows\system32\dxgi.dll
0x00007ff884760000 - 0x00007ff884918000 	C:\Windows\system32\twinapi.appcore.dll
0x00007ff884680000 - 0x00007ff8846a1000 	C:\Windows\system32\RMCLIENT.dll
0x00007ff870610000 - 0x00007ff8706b8000 	C:\Windows\SYSTEM32\mscms.dll
0x00007ff87f4a0000 - 0x00007ff87f4b0000 	C:\Windows\SYSTEM32\ColorAdapterClient.dll
0x00007ff86d590000 - 0x00007ff86d5d3000 	C:\Windows\SYSTEM32\icm32.dll
0x00007ff881d80000 - 0x00007ff881d89000 	C:\Program Files\Java\jdk-10.0.1\bin\management.dll
0x00007ff881d40000 - 0x00007ff881d4a000 	C:\Program Files\Java\jdk-10.0.1\bin\management_ext.dll

dbghelp: loaded successfully - version: 4.0.5 - missing functions: none
symbol engine: initialized successfully - sym options: 0x614 - pdb path: .;C:\Program Files\Java\jdk-10.0.1\bin;C:\Windows\SYSTEM32;C:\Windows\WinSxS\amd64_microsoft.windows.common-controls_6595b64144ccf1df_6.0.17134.112_none_fb3f961b30681c12;C:\Program Files\Java\jdk-10.0.1\bin\server;C:\Program Files\JetBrains\IntelliJ IDEA Community Edition 2018.1.5\bin;C:\Windows\System32\DriverStore\FileRepository\nv_dispi.inf_amd64_040c7acb04cee565;C:\Program Files (x86)\NVIDIA Corporation\3D Vision;C:\Users\Tristan\AppData\Local\Temp\jna-605131353

VM Arguments:
jvm_args: -javaagent:C:\Program Files\JetBrains\IntelliJ IDEA Community Edition 2018.1.5\lib\idea_rt.jar=57057:C:\Program Files\JetBrains\IntelliJ IDEA Community Edition 2018.1.5\bin -Dfile.encoding=UTF-8 
java_command: net.runelite.client.RuneLite
java_class_path (initial): C:\Users\Tristan\IdeaProjects\runelite\runelite-client\target\classes;C:\Users\Tristan\.m2\repository\org\slf4j\slf4j-api\1.7.12\slf4j-api-1.7.12.jar;C:\Users\Tristan\.m2\repository\ch\qos\logback\logback-classic\1.2.3\logback-classic-1.2.3.jar;C:\Users\Tristan\.m2\repository\ch\qos\logback\logback-core\1.2.3\logback-core-1.2.3.jar;C:\Users\Tristan\.m2\repository\net\sf\jopt-simple\jopt-simple\5.0.1\jopt-simple-5.0.1.jar;C:\Users\Tristan\.m2\repository\com\google\guava\guava\23.2-jre\guava-23.2-jre.jar;C:\Users\Tristan\.m2\repository\com\google\code\findbugs\jsr305\1.3.9\jsr305-1.3.9.jar;C:\Users\Tristan\.m2\repository\com\google\errorprone\error_prone_annotations\2.0.18\error_prone_annotations-2.0.18.jar;C:\Users\Tristan\.m2\repository\com\google\j2objc\j2objc-annotations\1.1\j2objc-annotations-1.1.jar;C:\Users\Tristan\.m2\repository\org\codehaus\mojo\animal-sniffer-annotations\1.14\animal-sniffer-annotations-1.14.jar;C:\Users\Tristan\.m2\repository\com\google\inject\guice\4.1.0\guice-4.1.0-no_aop.jar;C:\Users\Tristan\.m2\repository\javax\inject\javax.inject\1\javax.inject-1.jar;C:\Users\Tristan\.m2\repository\aopalliance\aopalliance\1.0\aopalliance-1.0.jar;C:\Users\Tristan\.m2\repository\com\google\code\gson\gson\2.8.5\gson-2.8.5.jar;C:\Users\Tristan\.m2\repository\net\runelite\pushingpixels\substance\8.0.02\substance-8.0.02.jar;C:\Users\Tristan\.m2\repository\net\runelite\pushingpixels\trident\1.5.00\trident-1.5.00.jar;C:\Users\Tristan\.m2\repository\org\apache\commons\commons-text\1.2\commons-text-1.2.jar;C:\Users\Tristan\.m2\repository\org\apache\commons\commons-lang3\3.7\commons-lang3-3.7.jar;C:\Users\Tristan\IdeaProjects\runelite\runelite-api\target\classes;C:\Users\Tristan\IdeaProjects\runelite\runescape-api\target\classes;C:\Users\Tristan\.m2\repository\net\runelite\injected-client\1.4.4-SNAPSHOT\injected-client-1.4.4-20180615.013742-7.jar;C:\Users\Tristan\IdeaProjects\runelite\runelite-scripts\target\classes;C:\Users\Tristan\Id
Launcher Type: SUN_STANDARD

Logging:
Log output configuration:
#0: stdout all=warning uptime,level,tags
#1: stderr all=off uptime,level,tags

Environment Variables:
PATH=C:\Program Files (x86)\Common Files\Oracle\Java\javapath;C:\Windows\system32;C:\Windows;C:\Windows\System32\Wbem;C:\Windows\System32\WindowsPowerShell\v1.0\;C:\Windows\System32\OpenSSH\;C:\Program Files (x86)\NVIDIA Corporation\PhysX\Common;C:\Program Files\Git\cmd;C:\Users\Tristan\AppData\Local\Microsoft\WindowsApps;
USERNAME=Tristan
OS=Windows_NT
PROCESSOR_IDENTIFIER=Intel64 Family 6 Model 158 Stepping 10, GenuineIntel



---------------  S Y S T E M  ---------------

OS: Windows 10 , 64 bit Build 17134 (10.0.17134.1)

CPU:total 12 (initial active 12) (6 cores per cpu, 2 threads per core) family 6 model 158 stepping 10, cmov, cx8, fxsr, mmx, sse, sse2, sse3, ssse3, sse4.1, sse4.2, popcnt, avx, avx2, aes, clmul, erms, rtm, 3dnowpref, lzcnt, ht, tsc, tscinvbit, bmi1, bmi2, adx, fma

Memory: 4k page, physical 16736608k(9069500k free), swap 19751264k(8404008k free)

vm_info: Java HotSpot(TM) 64-Bit Server VM (10.0.1+10) for windows-amd64 JRE (10.0.1+10), built on Mar 27 2018 02:27:48 by "mach5one" with MS VC++ 12.0 (VS2013)

END.
